Alive!
int = 2
long = 4
long long = 8
Card connected
Image offset = 0x00000200Image length = 0x00200000
RAM of 0 bytes successfully initialized.
RAM init complete.
PZPU reset complete.
Entering main loop...
PC:0x00000000 SP:0x001FFFF8 [0x00000000] I:0x0B [0]
.PC:0x00000001 SP:0x001FFFF8 [0x00000000] I:0x0B [0]
.PC:0x00000002 SP:0x001FFFF8 [0x00000000] I:0x0B [0]
.PC:0x00000003 SP:0x001FFFF8 [0x00000000] I:0x0B [0]
.PC:0x00000004 SP:0x001FFFF8 [0x00000000] I:0x82 [2]
.PC:0x00000005 SP:0x001FFFF4 [0x00000002] I:0x70 [0]
.PC:0x00000006 SP:0x001FFFF0 [0x00000002] I:0x0B [0]
.PC:0x00000007 SP:0x001FFFF0 [0x00000002] I:0x0B [0]
.PC:0x00000008 SP:0x001FFFF0 [0x00000002] I:0x80 [0]
.PC:0x00000009 SP:0x001FFFEC [0x00000000] I:0xCD [77]
.PC:0x0000000A SP:0x001FFFEC [0x0000004D] I:0xBC [60]
.PC:0x0000000B SP:0x001FFFEC [0x000026BC] I:0x0C [0]
.PC:0x0000000C SP:0x001FFFF4 [0x00000002] I:0x3A [26]
.PC:0x00000340 SP:0x001FFFF0 [0x0000000D] I:0x81 [1]
.PC:0x00000341 SP:0x001FFFEC [0x00000001] I:0x0B [0]
.PC:0x00000342 SP:0x001FFFEC [0x00000001] I:0x0B [0]
.PC:0x00000343 SP:0x001FFFEC [0x00000001] I:0x0B [0]
.PC:0x00000344 SP:0x001FFFEC [0x00000001] I:0x80 [0]
.PC:0x00000345 SP:0x001FFFE8 [0x00000000] I:0xCD [77]
.PC:0x00000346 SP:0x001FFFE8 [0x0000004D] I:0xB8 [56]
.PC:0x00000347 SP:0x001FFFE8 [0x000026B8] I:0x0C [0]
.PC:0x00000348 SP:0x001FFFF0 [0x0000000D] I:0x51 [1]
.PC:0x00000349 SP:0x001FFFF4 [0x0000000D] I:0x04 [0]
.PC:0x0000000D SP:0x001FFFF8 [0x00000000] I:0x0B [0]
.PC:0x0000000E SP:0x001FFFF8 [0x00000000] I:0x0B [0]
.PC:0x0000000F SP:0x001FFFF8 [0x00000000] I:0x80 [0]
.PC:0x00000010 SP:0x001FFFF4 [0x00000000] I:0xC5 [69]
.PC:0x00000011 SP:0x001FFFF4 [0x00000045] I:0xCD [77]
.PC:0x00000012 SP:0x001FFFF4 [0x000022CD] I:0x04 [0]
.PC:0x000022CD SP:0x001FFFF8 [0x00000000] I:0xFD [125]
.PC:0x000022CE SP:0x001FFFF4 [0xFFFFFFFD] I:0x3D [29]
.PC:0x000003A0 SP:0x001FFFF0 [0x000022CF] I:0x02 [0]
.PC:0x000003A1 SP:0x001FFFEC [0x001FFFF0] I:0x84 [4]
.PC:0x000003A2 SP:0x001FFFE8 [0x00000004] I:0x05 [0]
.PC:0x000003A3 SP:0x001FFFEC [0x001FFFF4] I:0x72 [2]
.PC:0x000003A4 SP:0x001FFFE8 [0xFFFFFFFD] I:0x10 [0]
.PC:0x000003A5 SP:0x001FFFE8 [0xFFFFFFFA] I:0x10 [0]
.PC:0x000003A6 SP:0x001FFFE8 [0xFFFFFFF4] I:0x05 [0]
.PC:0x000003A7 SP:0x001FFFEC [0x001FFFE8] I:0x52 [2]
.PC:0x000003A8 SP:0x001FFFF0 [0x000022CF] I:0x04 [0]
.PC:0x000022CF SP:0x001FFFF4 [0x001FFFE8] I:0x0D [0]
.PC:0x000022D0 SP:0x001FFFE8 [0xFFFFFFF4] I:0x80 [0]
.PC:0x000022D1 SP:0x001FFFE4 [0x00000000] I:0x0B [0]
.PC:0x000022D2 SP:0x001FFFE4 [0x00000000] I:0x80 [0]
.PC:0x000022D3 SP:0x001FFFE0 [0x00000000] I:0xCD [77]
.PC:0x000022D4 SP:0x001FFFE0 [0x0000004D] I:0xBC [60]
.PC:0x000022D5 SP:0x001FFFE0 [0x000026BC] I:0x08 [0]
.PC:0x000022D6 SP:0x001FFFE0 [0x00000002] I:0x54 [4]
.PC:0x000022D7 SP:0x001FFFE4 [0x00000000] I:0x54 [4]
.PC:0x000022D8 SP:0x001FFFE8 [0xFFFFFFF4] I:0x72 [2]
.PC:0x000022D9 SP:0x001FFFE4 [0x00000002] I:0x81 [1]
.PC:0x000022DA SP:0x001FFFE0 [0x00000001] I:0x2E [14]
.PC:0x000001C0 SP:0x001FFFDC [0x000022DB] I:0x72 [2]
.PC:0x000001C1 SP:0x001FFFD8 [0x00000002] I:0x09 [0]
.PC:0x000001C2 SP:0x001FFFD8 [0xFFFFFFFD] I:0x81 [1]
.PC:0x000001C3 SP:0x001FFFD4 [0x00000001] I:0x05 [0]
.PC:0x000001C4 SP:0x001FFFD8 [0xFFFFFFFE] I:0x72 [2]
.PC:0x000001C5 SP:0x001FFFD4 [0x00000001] I:0x05 [0]
.PC:0x000001C6 SP:0x001FFFD8 [0xFFFFFFFF] I:0x09 [0]
.PC:0x000001C7 SP:0x001FFFD8 [0x00000000] I:0x70 [0]
.PC:0x000001C8 SP:0x001FFFD4 [0x00000000] I:0x81 [1]
.PC:0x000001C9 SP:0x001FFFD0 [0x00000001] I:0x05 [0]
.PC:0x000001CA SP:0x001FFFD4 [0x00000001] I:0x09 [0]
.PC:0x000001CB SP:0x001FFFD4 [0xFFFFFFFE] I:0x06 [0]
.PC:0x000001CC SP:0x001FFFD8 [0x00000000] I:0x0A [0]
.PC:0x000001CD SP:0x001FFFD8 [0x00000000] I:0x81 [1]
.PC:0x000001CE SP:0x001FFFD4 [0x00000001] I:0x06 [0]
.PC:0x000001CF SP:0x001FFFD8 [0x00000000] I:0x53 [3]
.PC:0x000001D0 SP:0x001FFFDC [0x000022DB] I:0x51 [1]
.PC:0x000001D1 SP:0x001FFFE0 [0x000022DB] I:0x04 [0]
.PC:0x000022DB SP:0x001FFFE4 [0x00000000] I:0x9B [27]
.PC:0x000022DC SP:0x001FFFE0 [0x0000001B] I:0x38 [24]
.PC:0x00000300 SP:0x001FFFDC [0x000022DD] I:0x72 [2]
.PC:0x00000301 SP:0x001FFFD8 [0x00000000] I:0x09 [0]
.PC:0x00000302 SP:0x001FFFD8 [0xFFFFFFFF] I:0x70 [0]
.PC:0x00000303 SP:0x001FFFD4 [0xFFFFFFFF] I:0x81 [1]
.PC:0x00000304 SP:0x001FFFD0 [0x00000001] I:0x05 [0]
.PC:0x00000305 SP:0x001FFFD4 [0x00000000] I:0x09 [0]
.PC:0x00000306 SP:0x001FFFD4 [0xFFFFFFFF] I:0x06 [0]
.PC:0x00000307 SP:0x001FFFD8 [0xFFFFFFFF] I:0x0A [0]
.PC:0x00000308 SP:0x001FFFD8 [0xFFFFFFFF] I:0x09 [0]
.PC:0x00000309 SP:0x001FFFD8 [0x00000000] I:0x81 [1]
.PC:0x0000030A SP:0x001FFFD4 [0x00000001] I:0x06 [0]
.PC:0x0000030B SP:0x001FFFD8 [0x00000000] I:0xFF [127]
.PC:0x0000030C SP:0x001FFFD4 [0xFFFFFFFF] I:0x05 [0]
.PC:0x0000030D SP:0x001FFFD8 [0xFFFFFFFF] I:0x70 [0]
.PC:0x0000030E SP:0x001FFFD4 [0xFFFFFFFF] I:0x54 [4]
.PC:0x0000030F SP:0x001FFFD8 [0xFFFFFFFF] I:0x71 [1]
.PC:0x00000310 SP:0x001FFFD4 [0x000022DD] I:0x06 [0]
.PC:0x00000311 SP:0x001FFFD8 [0x000022DD] I:0x73 [3]
.PC:0x00000312 SP:0x001FFFD4 [0xFFFFFFFF] I:0x09 [0]
.PC:0x00000313 SP:0x001FFFD4 [0x00000000] I:0x72 [2]
.PC:0x00000314 SP:0x001FFFD0 [0x000022DD] I:0x74 [4]
.PC:0x00000315 SP:0x001FFFCC [0x0000001B] I:0x05 [0]
.PC:0x00000316 SP:0x001FFFD0 [0x000022F8] I:0xFF [127]
.PC:0x00000317 SP:0x001FFFCC [0xFFFFFFFF] I:0x05 [0]
.PC:0x00000318 SP:0x001FFFD0 [0x000022F7] I:0x06 [0]
.PC:0x00000319 SP:0x001FFFD4 [0x00000000] I:0x07 [0]
.PC:0x0000031A SP:0x001FFFD8 [0x000022DD] I:0x51 [1]
.PC:0x0000031B SP:0x001FFFDC [0x000022DD] I:0x51 [1]
.PC:0x0000031C SP:0x001FFFE0 [0x000022DD] I:0x51 [1]
.PC:0x0000031D SP:0x001FFFE4 [0x000022DD] I:0x04 [0]
.PC:0x000022DD SP:0x001FFFE8 [0xFFFFFFF4] I:0x73 [3]
.PC:0x000022DE SP:0x001FFFE4 [0x00000000] I:0x80 [0]
.PC:0x000022DF SP:0x001FFFE0 [0x00000000] I:0xDD [93]
.PC:0x000022E0 SP:0x001FFFE0 [0x0000005D] I:0xB8 [56]
.PC:0x000022E1 SP:0x001FFFE0 [0x00002EB8] I:0x0C [0]
.PC:0x000022E2 SP:0x001FFFE8 [0xFFFFFFF4] I:0xC4 [68]
.PC:0x000022E3 SP:0x001FFFE4 [0xFFFFFFC4] I:0x83 [3]
.PC:0x000022E4 SP:0x001FFFE4 [0xFFFFE203] I:0x3F [31]
.PC:0x000003E0 SP:0x001FFFE0 [0x000022E5] I:0x71 [1]
.PC:0x000003E1 SP:0x001FFFDC [0xFFFFE203] I:0x71 [1]
.PC:0x000003E2 SP:0x001FFFD8 [0x000022E5] I:0x05 [0]
.PC:0x000003E3 SP:0x001FFFDC [0x000004E8] I:0xFF [127]
.PC:0x000003E4 SP:0x001FFFD8 [0xFFFFFFFF] I:0x05 [0]
.PC:0x000003E5 SP:0x001FFFDC [0x000004E7] I:0x71 [1]
.PC:0x000003E6 SP:0x001FFFD8 [0x000022E5] I:0x53 [3]
.PC:0x000003E7 SP:0x001FFFDC [0x000004E7] I:0x51 [1]
.PC:0x000003E8 SP:0x001FFFE0 [0x000004E7] I:0x02 [0]
.PC:0x000003E9 SP:0x001FFFDC [0x001FFFE0] I:0x0D [0]
.PC:0x000003EA SP:0x001FFFE0 [0x000004E7] I:0x04 [0]
.PC:0x000004E7 SP:0x001FFFE4 [0x000022E5] I:0x80 [0]
.PC:0x000004E8 SP:0x001FFFE0 [0x00000000] I:0xCD [77]
.PC:0x000004E9 SP:0x001FFFE0 [0x0000004D] I:0xB8 [56]
.PC:0x000004EA SP:0x001FFFE0 [0x000026B8] I:0x08 [0]
.PC:0x000004EB SP:0x001FFFE0 [0x00000001] I:0x80 [0]
.PC:0x000004EC SP:0x001FFFDC [0x00000000] I:0x2E [14]
.PC:0x000001C0 SP:0x001FFFD8 [0x000004ED] I:0x72 [2]
.PC:0x000001C1 SP:0x001FFFD4 [0x00000001] I:0x09 [0]
.PC:0x000001C2 SP:0x001FFFD4 [0xFFFFFFFE] I:0x81 [1]
.PC:0x000001C3 SP:0x001FFFD0 [0x00000001] I:0x05 [0]
.PC:0x000001C4 SP:0x001FFFD4 [0xFFFFFFFF] I:0x72 [2]
.PC:0x000001C5 SP:0x001FFFD0 [0x00000000] I:0x05 [0]
.PC:0x000001C6 SP:0x001FFFD4 [0xFFFFFFFF] I:0x09 [0]
.PC:0x000001C7 SP:0x001FFFD4 [0x00000000] I:0x70 [0]
.PC:0x000001C8 SP:0x001FFFD0 [0x00000000] I:0x81 [1]
.PC:0x000001C9 SP:0x001FFFCC [0x00000001] I:0x05 [0]
.PC:0x000001CA SP:0x001FFFD0 [0x00000001] I:0x09 [0]
.PC:0x000001CB SP:0x001FFFD0 [0xFFFFFFFE] I:0x06 [0]
.PC:0x000001CC SP:0x001FFFD4 [0x00000000] I:0x0A [0]
.PC:0x000001CD SP:0x001FFFD4 [0x00000000] I:0x81 [1]
.PC:0x000001CE SP:0x001FFFD0 [0x00000001] I:0x06 [0]
.PC:0x000001CF SP:0x001FFFD4 [0x00000000] I:0x53 [3]
.PC:0x000001D0 SP:0x001FFFD8 [0x000004ED] I:0x51 [1]
.PC:0x000001D1 SP:0x001FFFDC [0x000004ED] I:0x04 [0]
.PC:0x000004ED SP:0x001FFFE0 [0x00000000] I:0xA4 [36]
.PC:0x000004EE SP:0x001FFFDC [0x00000024] I:0x38 [24]
.PC:0x00000300 SP:0x001FFFD8 [0x000004EF] I:0x72 [2]
.PC:0x00000301 SP:0x001FFFD4 [0x00000000] I:0x09 [0]
.PC:0x00000302 SP:0x001FFFD4 [0xFFFFFFFF] I:0x70 [0]
.PC:0x00000303 SP:0x001FFFD0 [0xFFFFFFFF] I:0x81 [1]
.PC:0x00000304 SP:0x001FFFCC [0x00000001] I:0x05 [0]
.PC:0x00000305 SP:0x001FFFD0 [0x00000000] I:0x09 [0]
.PC:0x00000306 SP:0x001FFFD0 [0xFFFFFFFF] I:0x06 [0]
.PC:0x00000307 SP:0x001FFFD4 [0xFFFFFFFF] I:0x0A [0]
.PC:0x00000308 SP:0x001FFFD4 [0xFFFFFFFF] I:0x09 [0]
.PC:0x00000309 SP:0x001FFFD4 [0x00000000] I:0x81 [1]
.PC:0x0000030A SP:0x001FFFD0 [0x00000001] I:0x06 [0]
.PC:0x0000030B SP:0x001FFFD4 [0x00000000] I:0xFF [127]
.PC:0x0000030C SP:0x001FFFD0 [0xFFFFFFFF] I:0x05 [0]
.PC:0x0000030D SP:0x001FFFD4 [0xFFFFFFFF] I:0x70 [0]
.PC:0x0000030E SP:0x001FFFD0 [0xFFFFFFFF] I:0x54 [4]
.PC:0x0000030F SP:0x001FFFD4 [0xFFFFFFFF] I:0x71 [1]
.PC:0x00000310 SP:0x001FFFD0 [0x000004EF] I:0x06 [0]
.PC:0x00000311 SP:0x001FFFD4 [0x000004EF] I:0x73 [3]
.PC:0x00000312 SP:0x001FFFD0 [0xFFFFFFFF] I:0x09 [0]
.PC:0x00000313 SP:0x001FFFD0 [0x00000000] I:0x72 [2]
.PC:0x00000314 SP:0x001FFFCC [0x000004EF] I:0x74 [4]
.PC:0x00000315 SP:0x001FFFC8 [0x00000024] I:0x05 [0]
.PC:0x00000316 SP:0x001FFFCC [0x00000513] I:0xFF [127]
.PC:0x00000317 SP:0x001FFFC8 [0xFFFFFFFF] I:0x05 [0]
.PC:0x00000318 SP:0x001FFFCC [0x00000512] I:0x06 [0]
.PC:0x00000319 SP:0x001FFFD0 [0x00000000] I:0x07 [0]
.PC:0x0000031A SP:0x001FFFD4 [0x000004EF] I:0x51 [1]
.PC:0x0000031B SP:0x001FFFD8 [0x000004EF] I:0x51 [1]
.PC:0x0000031C SP:0x001FFFDC [0x000004EF] I:0x51 [1]
.PC:0x0000031D SP:0x001FFFE0 [0x000004EF] I:0x04 [0]
.PC:0x000004EF SP:0x001FFFE4 [0x000022E5] I:0x80 [0]
.PC:0x000004F0 SP:0x001FFFE0 [0x00000000] I:0xCD [77]
.PC:0x000004F1 SP:0x001FFFE0 [0x0000004D] I:0xBC [60]
.PC:0x000004F2 SP:0x001FFFE0 [0x000026BC] I:0x08 [0]
.PC:0x000004F3 SP:0x001FFFE0 [0x00000002] I:0x82 [2]
.PC:0x000004F4 SP:0x001FFFDC [0x00000002] I:0x2E [14]
.PC:0x000001C0 SP:0x001FFFD8 [0x000004F5] I:0x72 [2]
.PC:0x000001C1 SP:0x001FFFD4 [0x00000002] I:0x09 [0]
.PC:0x000001C2 SP:0x001FFFD4 [0xFFFFFFFD] I:0x81 [1]
.PC:0x000001C3 SP:0x001FFFD0 [0x00000001] I:0x05 [0]
.PC:0x000001C4 SP:0x001FFFD4 [0xFFFFFFFE] I:0x72 [2]
.PC:0x000001C5 SP:0x001FFFD0 [0x00000002] I:0x05 [0]
.PC:0x000001C6 SP:0x001FFFD4 [0x00000000] I:0x09 [0]
.PC:0x000001C7 SP:0x001FFFD4 [0xFFFFFFFF] I:0x70 [0]
.PC:0x000001C8 SP:0x001FFFD0 [0xFFFFFFFF] I:0x81 [1]
.PC:0x000001C9 SP:0x001FFFCC [0x00000001] I:0x05 [0]
.PC:0x000001CA SP:0x001FFFD0 [0x00000000] I:0x09 [0]
.PC:0x000001CB SP:0x001FFFD0 [0xFFFFFFFF] I:0x06 [0]
.PC:0x000001CC SP:0x001FFFD4 [0xFFFFFFFF] I:0x0A [0]
.PC:0x000001CD SP:0x001FFFD4 [0xFFFFFFFF] I:0x81 [1]
.PC:0x000001CE SP:0x001FFFD0 [0x00000001] I:0x06 [0]
.PC:0x000001CF SP:0x001FFFD4 [0x00000001] I:0x53 [3]
.PC:0x000001D0 SP:0x001FFFD8 [0x000004F5] I:0x51 [1]
.PC:0x000001D1 SP:0x001FFFDC [0x000004F5] I:0x04 [0]
.PC:0x000004F5 SP:0x001FFFE0 [0x00000001] I:0xBD [61]
.PC:0x000004F6 SP:0x001FFFDC [0x0000003D] I:0x38 [24]
.PC:0x00000300 SP:0x001FFFD8 [0x000004F7] I:0x72 [2]
.PC:0x00000301 SP:0x001FFFD4 [0x00000001] I:0x09 [0]
.PC:0x00000302 SP:0x001FFFD4 [0xFFFFFFFE] I:0x70 [0]
.PC:0x00000303 SP:0x001FFFD0 [0xFFFFFFFE] I:0x81 [1]
.PC:0x00000304 SP:0x001FFFCC [0x00000001] I:0x05 [0]
.PC:0x00000305 SP:0x001FFFD0 [0xFFFFFFFF] I:0x09 [0]
.PC:0x00000306 SP:0x001FFFD0 [0x00000000] I:0x06 [0]
.PC:0x00000307 SP:0x001FFFD4 [0x00000000] I:0x0A [0]
.PC:0x00000308 SP:0x001FFFD4 [0x00000000] I:0x09 [0]
.PC:0x00000309 SP:0x001FFFD4 [0xFFFFFFFF] I:0x81 [1]
.PC:0x0000030A SP:0x001FFFD0 [0x00000001] I:0x06 [0]
.PC:0x0000030B SP:0x001FFFD4 [0x00000001] I:0xFF [127]
.PC:0x0000030C SP:0x001FFFD0 [0xFFFFFFFF] I:0x05 [0]
.PC:0x0000030D SP:0x001FFFD4 [0x00000000] I:0x70 [0]
.PC:0x0000030E SP:0x001FFFD0 [0x00000000] I:0x54 [4]
.PC:0x0000030F SP:0x001FFFD4 [0x00000000] I:0x71 [1]
.PC:0x00000310 SP:0x001FFFD0 [0x000004F7] I:0x06 [0]
.PC:0x00000311 SP:0x001FFFD4 [0x00000000] I:0x73 [3]
.PC:0x00000312 SP:0x001FFFD0 [0x00000000] I:0x09 [0]
.PC:0x00000313 SP:0x001FFFD0 [0xFFFFFFFF] I:0x72 [2]
.PC:0x00000314 SP:0x001FFFCC [0x000004F7] I:0x74 [4]
.PC:0x00000315 SP:0x001FFFC8 [0x0000003D] I:0x05 [0]
.PC:0x00000316 SP:0x001FFFCC [0x00000534] I:0xFF [127]
.PC:0x00000317 SP:0x001FFFC8 [0xFFFFFFFF] I:0x05 [0]
.PC:0x00000318 SP:0x001FFFCC [0x00000533] I:0x06 [0]
.PC:0x00000319 SP:0x001FFFD0 [0x00000533] I:0x07 [0]
.PC:0x0000031A SP:0x001FFFD4 [0x00000533] I:0x51 [1]
.PC:0x0000031B SP:0x001FFFD8 [0x00000533] I:0x51 [1]
.PC:0x0000031C SP:0x001FFFDC [0x00000533] I:0x51 [1]
.PC:0x0000031D SP:0x001FFFE0 [0x00000533] I:0x04 [0]
.PC:0x00000533 SP:0x001FFFE4 [0x000022E5] I:0x80 [0]
.PC:0x00000534 SP:0x001FFFE0 [0x00000000] I:0xC0 [64]
.PC:0x00000535 SP:0x001FFFE0 [0x00000040] I:0xA8 [40]
.PC:0x00000536 SP:0x001FFFE0 [0x00002028] I:0x80 [0]
.PC:0x00000537 SP:0x001FFFE0 [0x00101400] I:0x8C [12]
.PC:0x00000538 SP:0x001FFFE0 [0x080A000C] I:0x0B [0]
.PC:0x00000539 SP:0x001FFFE0 [0x080A000C] I:0x0B [0]
.PC:0x0000053A SP:0x001FFFE0 [0x080A000C] I:0x0B [0]
.PC:0x0000053B SP:0x001FFFE0 [0x080A000C] I:0x80 [0]
.PC:0x0000053C SP:0x001FFFDC [0x00000000] I:0xDD [93]
.PC:0x0000053D SP:0x001FFFDC [0x0000005D] I:0xA4 [36]
.PC:0x0000053E SP:0x001FFFDC [0x00002EA4] I:0x0C [0]
.PC:0x0000053F SP:0x001FFFE4 [0x000022E5] I:0x80 [0]
.PC:0x00000540 SP:0x001FFFE0 [0x00000000] I:0xC0 [64]
.PC:0x00000541 SP:0x001FFFE0 [0x00000040] I:0xA8 [40]
.PC:0x00000542 SP:0x001FFFE0 [0x00002028] I:0x80 [0]
.PC:0x00000543 SP:0x001FFFE0 [0x00101400] I:0x94 [20]
.PC:0x00000544 SP:0x001FFFE0 [0x080A0014] I:0x0B [0]
.PC:0x00000545 SP:0x001FFFE0 [0x080A0014] I:0x80 [0]
.PC:0x00000546 SP:0x001FFFDC [0x00000000] I:0xDD [93]
.PC:0x00000547 SP:0x001FFFDC [0x0000005D] I:0xA8 [40]
.PC:0x00000548 SP:0x001FFFDC [0x00002EA8] I:0x0C [0]
.PC:0x00000549 SP:0x001FFFE4 [0x000022E5] I:0x80 [0]
.PC:0x0000054A SP:0x001FFFE0 [0x00000000] I:0xC0 [64]
.PC:0x0000054B SP:0x001FFFE0 [0x00000040] I:0xA8 [40]
.PC:0x0000054C SP:0x001FFFE0 [0x00002028] I:0x80 [0]
.PC:0x0000054D SP:0x001FFFE0 [0x00101400] I:0xBC [60]
.PC:0x0000054E SP:0x001FFFE0 [0x080A003C] I:0x0B [0]
.PC:0x0000054F SP:0x001FFFE0 [0x080A003C] I:0x80 [0]
.PC:0x00000550 SP:0x001FFFDC [0x00000000] I:0xDD [93]
.PC:0x00000551 SP:0x001FFFDC [0x0000005D] I:0xAC [44]
.PC:0x00000552 SP:0x001FFFDC [0x00002EAC] I:0x0C [0]
.PC:0x00000553 SP:0x001FFFE4 [0x000022E5] I:0x04 [0]
.PC:0x000022E5 SP:0x001FFFE8 [0xFFFFFFF4] I:0xC2 [66]
.PC:0x000022E6 SP:0x001FFFE4 [0xFFFFFFC2] I:0x99 [25]
.PC:0x000022E7 SP:0x001FFFE4 [0xFFFFE119] I:0x3F [31]
.PC:0x000003E0 SP:0x001FFFE0 [0x000022E8] I:0x71 [1]
.PC:0x000003E1 SP:0x001FFFDC [0xFFFFE119] I:0x71 [1]
.PC:0x000003E2 SP:0x001FFFD8 [0x000022E8] I:0x05 [0]
.PC:0x000003E3 SP:0x001FFFDC [0x00000401] I:0xFF [127]
.PC:0x000003E4 SP:0x001FFFD8 [0xFFFFFFFF] I:0x05 [0]
.PC:0x000003E5 SP:0x001FFFDC [0x00000400] I:0x71 [1]
.PC:0x000003E6 SP:0x001FFFD8 [0x000022E8] I:0x53 [3]
.PC:0x000003E7 SP:0x001FFFDC [0x00000400] I:0x51 [1]
.PC:0x000003E8 SP:0x001FFFE0 [0x00000400] I:0x02 [0]
.PC:0x000003E9 SP:0x001FFFDC [0x001FFFE0] I:0x0D [0]
.PC:0x000003EA SP:0x001FFFE0 [0x00000400] I:0x04 [0]
.PC:0x00000400 SP:0x001FFFE4 [0x000022E8] I:0x83 [3]
.PC:0x00000401 SP:0x001FFFE0 [0x00000003] I:0x88 [8]
.PC:0x00000402 SP:0x001FFFE0 [0x00000188] I:0x3F [31]
.PC:0x000003E0 SP:0x001FFFDC [0x00000403] I:0x71 [1]
.PC:0x000003E1 SP:0x001FFFD8 [0x00000188] I:0x71 [1]
.PC:0x000003E2 SP:0x001FFFD4 [0x00000403] I:0x05 [0]
.PC:0x000003E3 SP:0x001FFFD8 [0x0000058B] I:0xFF [127]
.PC:0x000003E4 SP:0x001FFFD4 [0xFFFFFFFF] I:0x05 [0]
.PC:0x000003E5 SP:0x001FFFD8 [0x0000058A] I:0x71 [1]
.PC:0x000003E6 SP:0x001FFFD4 [0x00000403] I:0x53 [3]
.PC:0x000003E7 SP:0x001FFFD8 [0x0000058A] I:0x51 [1]
.PC:0x000003E8 SP:0x001FFFDC [0x0000058A] I:0x02 [0]
.PC:0x000003E9 SP:0x001FFFD8 [0x001FFFDC] I:0x0D [0]
.PC:0x000003EA SP:0x001FFFDC [0x0000058A] I:0x04 [0]
.PC:0x0000058A SP:0x001FFFE0 [0x00000403] I:0x80 [0]
.PC:0x0000058B SP:0x001FFFDC [0x00000000] I:0x3D [29]
.PC:0x000003A0 SP:0x001FFFD8 [0x0000058C] I:0x02 [0]
.PC:0x000003A1 SP:0x001FFFD4 [0x001FFFD8] I:0x84 [4]
.PC:0x000003A2 SP:0x001FFFD0 [0x00000004] I:0x05 [0]
.PC:0x000003A3 SP:0x001FFFD4 [0x001FFFDC] I:0x72 [2]
.PC:0x000003A4 SP:0x001FFFD0 [0x00000000] I:0x10 [0]
.PC:0x000003A5 SP:0x001FFFD0 [0x00000000] I:0x10 [0]
.PC:0x000003A6 SP:0x001FFFD0 [0x00000000] I:0x05 [0]
.PC:0x000003A7 SP:0x001FFFD4 [0x001FFFDC] I:0x52 [2]
.PC:0x000003A8 SP:0x001FFFD8 [0x0000058C] I:0x04 [0]
.PC:0x0000058C SP:0x001FFFDC [0x001FFFDC] I:0x0D [0]
.PC:0x0000058D SP:0x001FFFDC [0x001FFFDC] I:0x0B [0]
.PC:0x0000058E SP:0x001FFFDC [0x001FFFDC] I:0x0B [0]
.PC:0x0000058F SP:0x001FFFDC [0x001FFFDC] I:0x80 [0]
.PC:0x00000590 SP:0x001FFFD8 [0x00000000] I:0xDD [93]
.PC:0x00000591 SP:0x001FFFD8 [0x0000005D] I:0xA0 [32]
.PC:0x00000592 SP:0x001FFFD8 [0x00002EA0] I:0x08 [0]
.PC:0x00000593 SP:0x001FFFD8 [0x00000000] I:0x80 [0]
.PC:0x00000594 SP:0x001FFFD4 [0x00000000] I:0x2E [14]
.PC:0x000001C0 SP:0x001FFFD0 [0x00000595] I:0x72 [2]
.PC:0x000001C1 SP:0x001FFFCC [0x00000000] I:0x09 [0]
.PC:0x000001C2 SP:0x001FFFCC [0xFFFFFFFF] I:0x81 [1]
.PC:0x000001C3 SP:0x001FFFC8 [0x00000001] I:0x05 [0]
.PC:0x000001C4 SP:0x001FFFCC [0x00000000] I:0x72 [2]
.PC:0x000001C5 SP:0x001FFFC8 [0x00000000] I:0x05 [0]
.PC:0x000001C6 SP:0x001FFFCC [0x00000000] I:0x09 [0]
.PC:0x000001C7 SP:0x001FFFCC [0xFFFFFFFF] I:0x70 [0]
.PC:0x000001C8 SP:0x001FFFC8 [0xFFFFFFFF] I:0x81 [1]
.PC:0x000001C9 SP:0x001FFFC4 [0x00000001] I:0x05 [0]
.PC:0x000001CA SP:0x001FFFC8 [0x00000000] I:0x09 [0]
.PC:0x000001CB SP:0x001FFFC8 [0xFFFFFFFF] I:0x06 [0]
.PC:0x000001CC SP:0x001FFFCC [0xFFFFFFFF] I:0x0A [0]
.PC:0x000001CD SP:0x001FFFCC [0xFFFFFFFF] I:0x81 [1]
.PC:0x000001CE SP:0x001FFFC8 [0x00000001] I:0x06 [0]
.PC:0x000001CF SP:0x001FFFCC [0x00000001] I:0x53 [3]
.PC:0x000001D0 SP:0x001FFFD0 [0x00000595] I:0x51 [1]
.PC:0x000001D1 SP:0x001FFFD4 [0x00000595] I:0x04 [0]
.PC:0x00000595 SP:0x001FFFD8 [0x00000001] I:0x8E [14]
.PC:0x00000596 SP:0x001FFFD4 [0x0000000E] I:0x38 [24]
.PC:0x00000300 SP:0x001FFFD0 [0x00000597] I:0x72 [2]
.PC:0x00000301 SP:0x001FFFCC [0x00000001] I:0x09 [0]
.PC:0x00000302 SP:0x001FFFCC [0xFFFFFFFE] I:0x70 [0]
.PC:0x00000303 SP:0x001FFFC8 [0xFFFFFFFE] I:0x81 [1]
.PC:0x00000304 SP:0x001FFFC4 [0x00000001] I:0x05 [0]
.PC:0x00000305 SP:0x001FFFC8 [0xFFFFFFFF] I:0x09 [0]
.PC:0x00000306 SP:0x001FFFC8 [0x00000000] I:0x06 [0]
.PC:0x00000307 SP:0x001FFFCC [0x00000000] I:0x0A [0]
.PC:0x00000308 SP:0x001FFFCC [0x00000000] I:0x09 [0]
.PC:0x00000309 SP:0x001FFFCC [0xFFFFFFFF] I:0x81 [1]
.PC:0x0000030A SP:0x001FFFC8 [0x00000001] I:0x06 [0]
.PC:0x0000030B SP:0x001FFFCC [0x00000001] I:0xFF [127]
.PC:0x0000030C SP:0x001FFFC8 [0xFFFFFFFF] I:0x05 [0]
.PC:0x0000030D SP:0x001FFFCC [0x00000000] I:0x70 [0]
.PC:0x0000030E SP:0x001FFFC8 [0x00000000] I:0x54 [4]
.PC:0x0000030F SP:0x001FFFCC [0x00000000] I:0x71 [1]
.PC:0x00000310 SP:0x001FFFC8 [0x00000597] I:0x06 [0]
.PC:0x00000311 SP:0x001FFFCC [0x00000000] I:0x73 [3]
.PC:0x00000312 SP:0x001FFFC8 [0x00000000] I:0x09 [0]
.PC:0x00000313 SP:0x001FFFC8 [0xFFFFFFFF] I:0x72 [2]
.PC:0x00000314 SP:0x001FFFC4 [0x00000597] I:0x74 [4]
.PC:0x00000315 SP:0x001FFFC0 [0x0000000E] I:0x05 [0]
.PC:0x00000316 SP:0x001FFFC4 [0x000005A5] I:0xFF [127]
.PC:0x00000317 SP:0x001FFFC0 [0xFFFFFFFF] I:0x05 [0]
.PC:0x00000318 SP:0x001FFFC4 [0x000005A4] I:0x06 [0]
.PC:0x00000319 SP:0x001FFFC8 [0x000005A4] I:0x07 [0]
.PC:0x0000031A SP:0x001FFFCC [0x000005A4] I:0x51 [1]
.PC:0x0000031B SP:0x001FFFD0 [0x000005A4] I:0x51 [1]
.PC:0x0000031C SP:0x001FFFD4 [0x000005A4] I:0x51 [1]
.PC:0x0000031D SP:0x001FFFD8 [0x000005A4] I:0x04 [0]
.PC:0x000005A4 SP:0x001FFFDC [0x001FFFDC] I:0x82 [2]
.PC:0x000005A5 SP:0x001FFFD8 [0x00000002] I:0x3D [29]
.PC:0x000003A0 SP:0x001FFFD4 [0x000005A6] I:0x02 [0]
.PC:0x000003A1 SP:0x001FFFD0 [0x001FFFD4] I:0x84 [4]
.PC:0x000003A2 SP:0x001FFFCC [0x00000004] I:0x05 [0]
.PC:0x000003A3 SP:0x001FFFD0 [0x001FFFD8] I:0x72 [2]
.PC:0x000003A4 SP:0x001FFFCC [0x00000002] I:0x10 [0]
.PC:0x000003A5 SP:0x001FFFCC [0x00000004] I:0x10 [0]
.PC:0x000003A6 SP:0x001FFFCC [0x00000008] I:0x05 [0]
.PC:0x000003A7 SP:0x001FFFD0 [0x001FFFE0] I:0x52 [2]
.PC:0x000003A8 SP:0x001FFFD4 [0x000005A6] I:0x04 [0]
.PC:0x000005A6 SP:0x001FFFD8 [0x001FFFE0] I:0x0D [0]
.PC:0x000005A7 SP:0x001FFFE0 [0x00000403] I:0x04 [0]
.PC:0x00000403 SP:0x001FFFE4 [0x000022E8] I:0x80 [0]
.PC:0x00000404 SP:0x001FFFE0 [0x00000000] I:0xC4 [68]
.PC:0x00000405 SP:0x001FFFE0 [0x00000044] I:0xD0 [80]
.PC:0x00000406 SP:0x001FFFE0 [0x00002250] I:0x3F [31]
.PC:0x000003E0 SP:0x001FFFDC [0x00000407] I:0x71 [1]
.PC:0x000003E1 SP:0x001FFFD8 [0x00002250] I:0x71 [1]
.PC:0x000003E2 SP:0x001FFFD4 [0x00000407] I:0x05 [0]
.PC:0x000003E3 SP:0x001FFFD8 [0x00002657] I:0xFF [127]
.PC:0x000003E4 SP:0x001FFFD4 [0xFFFFFFFF] I:0x05 [0]
.PC:0x000003E5 SP:0x001FFFD8 [0x00002656] I:0x71 [1]
.PC:0x000003E6 SP:0x001FFFD4 [0x00000407] I:0x53 [3]
.PC:0x000003E7 SP:0x001FFFD8 [0x00002656] I:0x51 [1]
.PC:0x000003E8 SP:0x001FFFDC [0x00002656] I:0x02 [0]
.PC:0x000003E9 SP:0x001FFFD8 [0x001FFFDC] I:0x0D [0]
.PC:0x000003EA SP:0x001FFFDC [0x00002656] I:0x04 [0]
.PC:0x00002656 SP:0x001FFFE0 [0x00000407] I:0xFF [127]
.PC:0x00002657 SP:0x001FFFDC [0xFFFFFFFF] I:0x3D [29]
.PC:0x000003A0 SP:0x001FFFD8 [0x00002658] I:0x02 [0]
.PC:0x000003A1 SP:0x001FFFD4 [0x001FFFD8] I:0x84 [4]
.PC:0x000003A2 SP:0x001FFFD0 [0x00000004] I:0x05 [0]
.PC:0x000003A3 SP:0x001FFFD4 [0x001FFFDC] I:0x72 [2]
.PC:0x000003A4 SP:0x001FFFD0 [0xFFFFFFFF] I:0x10 [0]
.PC:0x000003A5 SP:0x001FFFD0 [0xFFFFFFFE] I:0x10 [0]
.PC:0x000003A6 SP:0x001FFFD0 [0xFFFFFFFC] I:0x05 [0]
.PC:0x000003A7 SP:0x001FFFD4 [0x001FFFD8] I:0x52 [2]
.PC:0x000003A8 SP:0x001FFFD8 [0x00002658] I:0x04 [0]
.PC:0x00002658 SP:0x001FFFDC [0x001FFFD8] I:0x0D [0]
.PC:0x00002659 SP:0x001FFFD8 [0x00002658] I:0x80 [0]
.PC:0x0000265A SP:0x001FFFD4 [0x00000000] I:0xDD [93]
.PC:0x0000265B SP:0x001FFFD4 [0x0000005D] I:0x94 [20]
.PC:0x0000265C SP:0x001FFFD4 [0x00002E94] I:0x0B [0]
.PC:0x0000265D SP:0x001FFFD4 [0x00002E94] I:0xFC [124]
.PC:0x0000265E SP:0x001FFFD0 [0xFFFFFFFC] I:0x05 [0]
.PC:0x0000265F SP:0x001FFFD4 [0x00002E90] I:0x70 [0]
.PC:0x00002660 SP:0x001FFFD0 [0x00002E90] I:0x08 [0]
.PC:0x00002661 SP:0x001FFFD0 [0xFFFFFFFF] I:0x52 [2]
.PC:0x00002662 SP:0x001FFFD4 [0x00002E90] I:0x52 [2]
.PC:0x00002663 SP:0x001FFFD8 [0xFFFFFFFF] I:0x70 [0]
.PC:0x00002664 SP:0x001FFFD4 [0xFFFFFFFF] I:0xFF [127]
.PC:0x00002665 SP:0x001FFFD0 [0xFFFFFFFF] I:0x2E [14]
.PC:0x000001C0 SP:0x001FFFCC [0x00002666] I:0x72 [2]
.PC:0x000001C1 SP:0x001FFFC8 [0xFFFFFFFF] I:0x09 [0]
.PC:0x000001C2 SP:0x001FFFC8 [0x00000000] I:0x81 [1]
.PC:0x000001C3 SP:0x001FFFC4 [0x00000001] I:0x05 [0]
.PC:0x000001C4 SP:0x001FFFC8 [0x00000001] I:0x72 [2]
.PC:0x000001C5 SP:0x001FFFC4 [0xFFFFFFFF] I:0x05 [0]
.PC:0x000001C6 SP:0x001FFFC8 [0x00000000] I:0x09 [0]
.PC:0x000001C7 SP:0x001FFFC8 [0xFFFFFFFF] I:0x70 [0]
.PC:0x000001C8 SP:0x001FFFC4 [0xFFFFFFFF] I:0x81 [1]
.PC:0x000001C9 SP:0x001FFFC0 [0x00000001] I:0x05 [0]
.PC:0x000001CA SP:0x001FFFC4 [0x00000000] I:0x09 [0]
.PC:0x000001CB SP:0x001FFFC4 [0xFFFFFFFF] I:0x06 [0]
.PC:0x000001CC SP:0x001FFFC8 [0xFFFFFFFF] I:0x0A [0]
.PC:0x000001CD SP:0x001FFFC8 [0xFFFFFFFF] I:0x81 [1]
.PC:0x000001CE SP:0x001FFFC4 [0x00000001] I:0x06 [0]
.PC:0x000001CF SP:0x001FFFC8 [0x00000001] I:0x53 [3]
.PC:0x000001D0 SP:0x001FFFCC [0x00002666] I:0x51 [1]
.PC:0x000001D1 SP:0x001FFFD0 [0x00002666] I:0x04 [0]
.PC:0x00002666 SP:0x001FFFD4 [0x00000001] I:0x91 [17]
.PC:0x00002667 SP:0x001FFFD0 [0x00000011] I:0x38 [24]
.PC:0x00000300 SP:0x001FFFCC [0x00002668] I:0x72 [2]
.PC:0x00000301 SP:0x001FFFC8 [0x00000001] I:0x09 [0]
.PC:0x00000302 SP:0x001FFFC8 [0xFFFFFFFE] I:0x70 [0]
.PC:0x00000303 SP:0x001FFFC4 [0xFFFFFFFE] I:0x81 [1]
.PC:0x00000304 SP:0x001FFFC0 [0x00000001] I:0x05 [0]
.PC:0x00000305 SP:0x001FFFC4 [0xFFFFFFFF] I:0x09 [0]
.PC:0x00000306 SP:0x001FFFC4 [0x00000000] I:0x06 [0]
.PC:0x00000307 SP:0x001FFFC8 [0x00000000] I:0x0A [0]
.PC:0x00000308 SP:0x001FFFC8 [0x00000000] I:0x09 [0]
.PC:0x00000309 SP:0x001FFFC8 [0xFFFFFFFF] I:0x81 [1]
.PC:0x0000030A SP:0x001FFFC4 [0x00000001] I:0x06 [0]
.PC:0x0000030B SP:0x001FFFC8 [0x00000001] I:0xFF [127]
.PC:0x0000030C SP:0x001FFFC4 [0xFFFFFFFF] I:0x05 [0]
.PC:0x0000030D SP:0x001FFFC8 [0x00000000] I:0x70 [0]
.PC:0x0000030E SP:0x001FFFC4 [0x00000000] I:0x54 [4]
.PC:0x0000030F SP:0x001FFFC8 [0x00000000] I:0x71 [1]
.PC:0x00000310 SP:0x001FFFC4 [0x00002668] I:0x06 [0]
.PC:0x00000311 SP:0x001FFFC8 [0x00000000] I:0x73 [3]
.PC:0x00000312 SP:0x001FFFC4 [0x00000000] I:0x09 [0]
.PC:0x00000313 SP:0x001FFFC4 [0xFFFFFFFF] I:0x72 [2]
.PC:0x00000314 SP:0x001FFFC0 [0x00002668] I:0x74 [4]
.PC:0x00000315 SP:0x001FFFBC [0x00000011] I:0x05 [0]
.PC:0x00000316 SP:0x001FFFC0 [0x00002679] I:0xFF [127]
.PC:0x00000317 SP:0x001FFFBC [0xFFFFFFFF] I:0x05 [0]
.PC:0x00000318 SP:0x001FFFC0 [0x00002678] I:0x06 [0]
.PC:0x00000319 SP:0x001FFFC4 [0x00002678] I:0x07 [0]
.PC:0x0000031A SP:0x001FFFC8 [0x00002678] I:0x51 [1]
.PC:0x0000031B SP:0x001FFFCC [0x00002678] I:0x51 [1]
.PC:0x0000031C SP:0x001FFFD0 [0x00002678] I:0x51 [1]
.PC:0x0000031D SP:0x001FFFD4 [0x00002678] I:0x04 [0]
.PC:0x00002678 SP:0x001FFFD8 [0xFFFFFFFF] I:0x83 [3]
.PC:0x00002679 SP:0x001FFFD4 [0x00000003] I:0x3D [29]
.PC:0x000003A0 SP:0x001FFFD0 [0x0000267A] I:0x02 [0]
.PC:0x000003A1 SP:0x001FFFCC [0x001FFFD0] I:0x84 [4]
.PC:0x000003A2 SP:0x001FFFC8 [0x00000004] I:0x05 [0]
.PC:0x000003A3 SP:0x001FFFCC [0x001FFFD4] I:0x72 [2]
.PC:0x000003A4 SP:0x001FFFC8 [0x00000003] I:0x10 [0]
.PC:0x000003A5 SP:0x001FFFC8 [0x00000006] I:0x10 [0]
.PC:0x000003A6 SP:0x001FFFC8 [0x0000000C] I:0x05 [0]
.PC:0x000003A7 SP:0x001FFFCC [0x001FFFE0] I:0x52 [2]
.PC:0x000003A8 SP:0x001FFFD0 [0x0000267A] I:0x04 [0]
.PC:0x0000267A SP:0x001FFFD4 [0x001FFFE0] I:0x0D [0]
.PC:0x0000267B SP:0x001FFFE0 [0x00000407] I:0x04 [0]
.PC:0x00000407 SP:0x001FFFE4 [0x000022E8] I:0x04 [0]
.PC:0x000022E8 SP:0x001FFFE8 [0xFFFFFFF4] I:0x80 [0]
.PC:0x000022E9 SP:0x001FFFE4 [0x00000000] I:0xDD [93]
.PC:0x000022EA SP:0x001FFFE4 [0x0000005D] I:0x8C [12]
.PC:0x000022EB SP:0x001FFFE4 [0x00002E8C] I:0x52 [2]
.PC:0x000022EC SP:0x001FFFE8 [0xFFFFFFF4] I:0x81 [1]
.PC:0x000022ED SP:0x001FFFE4 [0x00000001] I:0x51 [1]
.PC:0x000022EE SP:0x001FFFE8 [0x00000001] I:0xC5 [69]
.PC:0x000022EF SP:0x001FFFE4 [0xFFFFFFC5] I:0xC9 [73]
.PC:0x000022F0 SP:0x001FFFE4 [0xFFFFE2C9] I:0x3F [31]
.PC:0x000003E0 SP:0x001FFFE0 [0x000022F1] I:0x71 [1]
.PC:0x000003E1 SP:0x001FFFDC [0xFFFFE2C9] I:0x71 [1]
.PC:0x000003E2 SP:0x001FFFD8 [0x000022F1] I:0x05 [0]
.PC:0x000003E3 SP:0x001FFFDC [0x000005BA] I:0xFF [127]
.PC:0x000003E4 SP:0x001FFFD8 [0xFFFFFFFF] I:0x05 [0]
.PC:0x000003E5 SP:0x001FFFDC [0x000005B9] I:0x71 [1]
.PC:0x000003E6 SP:0x001FFFD8 [0x000022F1] I:0x53 [3]
.PC:0x000003E7 SP:0x001FFFDC [0x000005B9] I:0x51 [1]
.PC:0x000003E8 SP:0x001FFFE0 [0x000005B9] I:0x02 [0]
.PC:0x000003E9 SP:0x001FFFDC [0x001FFFE0] I:0x0D [0]
.PC:0x000003EA SP:0x001FFFE0 [0x000005B9] I:0x04 [0]
.PC:0x000005B9 SP:0x001FFFE4 [0x000022F1] I:0x80 [0]
.PC:0x000005BA SP:0x001FFFE0 [0x00000000] I:0x3D [29]
.PC:0x000003A0 SP:0x001FFFDC [0x000005BB] I:0x02 [0]
.PC:0x000003A1 SP:0x001FFFD8 [0x001FFFDC] I:0x84 [4]
.PC:0x000003A2 SP:0x001FFFD4 [0x00000004] I:0x05 [0]
.PC:0x000003A3 SP:0x001FFFD8 [0x001FFFE0] I:0x72 [2]
.PC:0x000003A4 SP:0x001FFFD4 [0x00000000] I:0x10 [0]
.PC:0x000003A5 SP:0x001FFFD4 [0x00000000] I:0x10 [0]
.PC:0x000003A6 SP:0x001FFFD4 [0x00000000] I:0x05 [0]
.PC:0x000003A7 SP:0x001FFFD8 [0x001FFFE0] I:0x52 [2]
.PC:0x000003A8 SP:0x001FFFDC [0x000005BB] I:0x04 [0]
.PC:0x000005BB SP:0x001FFFE0 [0x001FFFE0] I:0x0D [0]
.PC:0x000005BC SP:0x001FFFE0 [0x001FFFE0] I:0x80 [0]
.PC:0x000005BD SP:0x001FFFDC [0x00000000] I:0xCD [77]
.PC:0x000005BE SP:0x001FFFDC [0x0000004D] I:0x94 [20]
.PC:0x000005BF SP:0x001FFFDC [0x00002694] I:0x51 [1]
.PC:0x000005C0 SP:0x001FFFE0 [0x00002694] I:0x85 [5]
.PC:0x000005C1 SP:0x001FFFDC [0x00000005] I:0xDE [94]
.PC:0x000005C2 SP:0x001FFFDC [0x000002DE] I:0x3F [31]
.PC:0x000003E0 SP:0x001FFFD8 [0x000005C3] I:0x71 [1]
.PC:0x000003E1 SP:0x001FFFD4 [0x000002DE] I:0x71 [1]
.PC:0x000003E2 SP:0x001FFFD0 [0x000005C3] I:0x05 [0]
.PC:0x000003E3 SP:0x001FFFD4 [0x000008A1] I:0xFF [127]
.PC:0x000003E4 SP:0x001FFFD0 [0xFFFFFFFF] I:0x05 [0]
.PC:0x000003E5 SP:0x001FFFD4 [0x000008A0] I:0x71 [1]
.PC:0x000003E6 SP:0x001FFFD0 [0x000005C3] I:0x53 [3]
.PC:0x000003E7 SP:0x001FFFD4 [0x000008A0] I:0x51 [1]
.PC:0x000003E8 SP:0x001FFFD8 [0x000008A0] I:0x02 [0]
.PC:0x000003E9 SP:0x001FFFD4 [0x001FFFD8] I:0x0D [0]
.PC:0x000003EA SP:0x001FFFD8 [0x000008A0] I:0x04 [0]
.PC:0x000008A0 SP:0x001FFFDC [0x000005C3] I:0xFF [127]
.PC:0x000008A1 SP:0x001FFFD8 [0xFFFFFFFF] I:0x3D [29]
.PC:0x000003A0 SP:0x001FFFD4 [0x000008A2] I:0x02 [0]
.PC:0x000003A1 SP:0x001FFFD0 [0x001FFFD4] I:0x84 [4]
.PC:0x000003A2 SP:0x001FFFCC [0x00000004] I:0x05 [0]
.PC:0x000003A3 SP:0x001FFFD0 [0x001FFFD8] I:0x72 [2]
.PC:0x000003A4 SP:0x001FFFCC [0xFFFFFFFF] I:0x10 [0]
.PC:0x000003A5 SP:0x001FFFCC [0xFFFFFFFE] I:0x10 [0]
.PC:0x000003A6 SP:0x001FFFCC [0xFFFFFFFC] I:0x05 [0]
.PC:0x000003A7 SP:0x001FFFD0 [0x001FFFD4] I:0x52 [2]
.PC:0x000003A8 SP:0x001FFFD4 [0x000008A2] I:0x04 [0]
.PC:0x000008A2 SP:0x001FFFD8 [0x001FFFD4] I:0x0D [0]
.PC:0x000008A3 SP:0x001FFFD4 [0x000008A2] I:0x73 [3]
.PC:0x000008A4 SP:0x001FFFD0 [0x00002694] I:0x52 [2]
.PC:0x000008A5 SP:0x001FFFD4 [0x000008A2] I:0x80 [0]
.PC:0x000008A6 SP:0x001FFFD0 [0x00000000] I:0xCD [77]
.PC:0x000008A7 SP:0x001FFFD0 [0x0000004D] I:0xC8 [72]
.PC:0x000008A8 SP:0x001FFFD0 [0x000026C8] I:0x08 [0]
.PC:0x000008A9 SP:0x001FFFD0 [0xCC260000] I:0x51 [1]
.PC:0x000008AA SP:0x001FFFD4 [0xCC260000] I:0xFF [127]
.PC:0x000008AB SP:0x001FFFD0 [0xFFFFFFFF] I:0xB4 [52]
.PC:0x000008AC SP:0x001FFFD0 [0xFFFFFFB4] I:0x3F [31]
.PC:0x000003E0 SP:0x001FFFCC [0x000008AD] I:0x71 [1]
.PC:0x000003E1 SP:0x001FFFC8 [0xFFFFFFB4] I:0x71 [1]
.PC:0x000003E2 SP:0x001FFFC4 [0x000008AD] I:0x05 [0]
.PC:0x000003E3 SP:0x001FFFC8 [0x00000861] I:0xFF [127]
.PC:0x000003E4 SP:0x001FFFC4 [0xFFFFFFFF] I:0x05 [0]
.PC:0x000003E5 SP:0x001FFFC8 [0x00000860] I:0x71 [1]
.PC:0x000003E6 SP:0x001FFFC4 [0x000008AD] I:0x53 [3]
.PC:0x000003E7 SP:0x001FFFC8 [0x00000860] I:0x51 [1]
.PC:0x000003E8 SP:0x001FFFCC [0x00000860] I:0x02 [0]
.PC:0x000003E9 SP:0x001FFFC8 [0x001FFFCC] I:0x0D [0]
.PC:0x000003EA SP:0x001FFFCC [0x00000860] I:0x04 [0]
.PC:0x00000860 SP:0x001FFFD0 [0x000008AD] I:0xF7 [119]
.PC:0x00000861 SP:0x001FFFCC [0xFFFFFFF7] I:0x3D [29]
.PC:0x000003A0 SP:0x001FFFC8 [0x00000862] I:0x02 [0]
.PC:0x000003A1 SP:0x001FFFC4 [0x001FFFC8] I:0x84 [4]
.PC:0x000003A2 SP:0x001FFFC0 [0x00000004] I:0x05 [0]
.PC:0x000003A3 SP:0x001FFFC4 [0x001FFFCC] I:0x72 [2]
.PC:0x000003A4 SP:0x001FFFC0 [0xFFFFFFF7] I:0x10 [0]
.PC:0x000003A5 SP:0x001FFFC0 [0xFFFFFFEE] I:0x10 [0]
.PC:0x000003A6 SP:0x001FFFC0 [0xFFFFFFDC] I:0x05 [0]
.PC:0x000003A7 SP:0x001FFFC4 [0x001FFFA8] I:0x52 [2]
.PC:0x000003A8 SP:0x001FFFC8 [0x00000862] I:0x04 [0]
.PC:0x00000862 SP:0x001FFFCC [0x001FFFA8] I:0x0D [0]
.PC:0x00000863 SP:0x001FFFA8 [0x00000000] I:0x7C [12]
.PC:0x00000864 SP:0x001FFFA4 [0x00002694] I:0x70 [0]
.PC:0x00000865 SP:0x001FFFA0 [0x00002694] I:0x52 [2]
.PC:0x00000866 SP:0x001FFFA4 [0x00002694] I:0x53 [3]
.PC:0x00000867 SP:0x001FFFA8 [0x00002694] I:0x80 [0]
.PC:0x00000868 SP:0x001FFFA4 [0x00000000] I:0xC8 [72]
.PC:0x00000869 SP:0x001FFFA4 [0x00000048] I:0x3F [31]
.PC:0x000003E0 SP:0x001FFFA0 [0x0000086A] I:0x71 [1]
.PC:0x000003E1 SP:0x001FFF9C [0x00000048] I:0x71 [1]
.PC:0x000003E2 SP:0x001FFF98 [0x0000086A] I:0x05 [0]
.PC:0x000003E3 SP:0x001FFF9C [0x000008B2] I:0xFF [127]
.PC:0x000003E4 SP:0x001FFF98 [0xFFFFFFFF] I:0x05 [0]
.PC:0x000003E5 SP:0x001FFF9C [0x000008B1] I:0x71 [1]
.PC:0x000003E6 SP:0x001FFF98 [0x0000086A] I:0x53 [3]
.PC:0x000003E7 SP:0x001FFF9C [0x000008B1] I:0x51 [1]
.PC:0x000003E8 SP:0x001FFFA0 [0x000008B1] I:0x02 [0]
.PC:0x000003E9 SP:0x001FFF9C [0x001FFFA0] I:0x0D [0]
.PC:0x000003EA SP:0x001FFFA0 [0x000008B1] I:0x04 [0]
.PC:0x000008B1 SP:0x001FFFA4 [0x0000086A] I:0xFD [125]
.PC:0x000008B2 SP:0x001FFFA0 [0xFFFFFFFD] I:0x3D [29]
.PC:0x000003A0 SP:0x001FFF9C [0x000008B3] I:0x02 [0]
.PC:0x000003A1 SP:0x001FFF98 [0x001FFF9C] I:0x84 [4]
.PC:0x000003A2 SP:0x001FFF94 [0x00000004] I:0x05 [0]
.PC:0x000003A3 SP:0x001FFF98 [0x001FFFA0] I:0x72 [2]
.PC:0x000003A4 SP:0x001FFF94 [0xFFFFFFFD] I:0x10 [0]
.PC:0x000003A5 SP:0x001FFF94 [0xFFFFFFFA] I:0x10 [0]
.PC:0x000003A6 SP:0x001FFF94 [0xFFFFFFF4] I:0x05 [0]
.PC:0x000003A7 SP:0x001FFF98 [0x001FFF94] I:0x52 [2]
.PC:0x000003A8 SP:0x001FFF9C [0x000008B3] I:0x04 [0]
.PC:0x000008B3 SP:0x001FFFA0 [0x001FFF94] I:0x0D [0]
.PC:0x000008B4 SP:0x001FFF94 [0xFFFFFFF4] I:0x75 [5]
.PC:0x000008B5 SP:0x001FFF90 [0x00002694] I:0x70 [0]
.PC:0x000008B6 SP:0x001FFF8C [0x00002694] I:0x71 [1]
.PC:0x000008B7 SP:0x001FFF88 [0x00002694] I:0x83 [3]
.PC:0x000008B8 SP:0x001FFF84 [0x00000003] I:0x06 [0]
.PC:0x000008B9 SP:0x001FFF88 [0x00000000] I:0x53 [3]
.PC:0x000008BA SP:0x001FFF8C [0x00002694] I:0x55 [5]
.PC:0x000008BB SP:0x001FFF90 [0x00002694] I:0x52 [2]
.PC:0x000008BC SP:0x001FFF94 [0x00000000] I:0x70 [0]
.PC:0x000008BD SP:0x001FFF90 [0x00000000] I:0xB8 [56]
.PC:0x000008BE SP:0x001FFF8C [0x00000038] I:0x38 [24]
.PC:0x00000300 SP:0x001FFF88 [0x000008BF] I:0x72 [2]
.PC:0x00000301 SP:0x001FFF84 [0x00000000] I:0x09 [0]
.PC:0x00000302 SP:0x001FFF84 [0xFFFFFFFF] I:0x70 [0]
.PC:0x00000303 SP:0x001FFF80 [0xFFFFFFFF] I:0x81 [1]
.PC:0x00000304 SP:0x001FFF7C [0x00000001] I:0x05 [0]
.PC:0x00000305 SP:0x001FFF80 [0x00000000] I:0x09 [0]
.PC:0x00000306 SP:0x001FFF80 [0xFFFFFFFF] I:0x06 [0]
.PC:0x00000307 SP:0x001FFF84 [0xFFFFFFFF] I:0x0A [0]
.PC:0x00000308 SP:0x001FFF84 [0xFFFFFFFF] I:0x09 [0]
.PC:0x00000309 SP:0x001FFF84 [0x00000000] I:0x81 [1]
.PC:0x0000030A SP:0x001FFF80 [0x00000001] I:0x06 [0]
.PC:0x0000030B SP:0x001FFF84 [0x00000000] I:0xFF [127]
.PC:0x0000030C SP:0x001FFF80 [0xFFFFFFFF] I:0x05 [0]
.PC:0x0000030D SP:0x001FFF84 [0xFFFFFFFF] I:0x70 [0]
.PC:0x0000030E SP:0x001FFF80 [0xFFFFFFFF] I:0x54 [4]
.PC:0x0000030F SP:0x001FFF84 [0xFFFFFFFF] I:0x71 [1]
.PC:0x00000310 SP:0x001FFF80 [0x000008BF] I:0x06 [0]
.PC:0x00000311 SP:0x001FFF84 [0x000008BF] I:0x73 [3]
.PC:0x00000312 SP:0x001FFF80 [0xFFFFFFFF] I:0x09 [0]
.PC:0x00000313 SP:0x001FFF80 [0x00000000] I:0x72 [2]
.PC:0x00000314 SP:0x001FFF7C [0x000008BF] I:0x74 [4]
.PC:0x00000315 SP:0x001FFF78 [0x00000038] I:0x05 [0]
.PC:0x00000316 SP:0x001FFF7C [0x000008F7] I:0xFF [127]
.PC:0x00000317 SP:0x001FFF78 [0xFFFFFFFF] I:0x05 [0]
.PC:0x00000318 SP:0x001FFF7C [0x000008F6] I:0x06 [0]
.PC:0x00000319 SP:0x001FFF80 [0x00000000] I:0x07 [0]
.PC:0x0000031A SP:0x001FFF84 [0x000008BF] I:0x51 [1]
.PC:0x0000031B SP:0x001FFF88 [0x000008BF] I:0x51 [1]
.PC:0x0000031C SP:0x001FFF8C [0x000008BF] I:0x51 [1]
.PC:0x0000031D SP:0x001FFF90 [0x000008BF] I:0x04 [0]
.PC:0x000008BF SP:0x001FFF94 [0x00000000] I:0x71 [1]
.PC:0x000008C0 SP:0x001FFF90 [0x00002694] I:0x70 [0]
.PC:0x000008C1 SP:0x001FFF8C [0x00002694] I:0x08 [0]
.PC:0x000008C2 SP:0x001FFF8C [0x6C6C6548] I:0x70 [0]
.PC:0x000008C3 SP:0x001FFF88 [0x6C6C6548] I:0x09 [0]
.PC:0x000008C4 SP:0x001FFF88 [0x93939AB7] I:0xF7 [119]
.PC:0x000008C5 SP:0x001FFF84 [0xFFFFFFF7] I:0xFB [123]
.PC:0x000008C6 SP:0x001FFF84 [0xFFFFFBFB] I:0xFD [125]
.PC:0x000008C7 SP:0x001FFF84 [0xFFFDFDFD] I:0xFF [127]
.PC:0x000008C8 SP:0x001FFF84 [0xFEFEFEFF] I:0x12 [2]
.PC:0x000008C9 SP:0x001FFF84 [0x6B6B6447] I:0x06 [0]
.PC:0x000008CA SP:0x001FFF88 [0x03030007] I:0x70 [0]
.PC:0x000008CB SP:0x001FFF84 [0x03030007] I:0xF8 [120]
.PC:0x000008CC SP:0x001FFF80 [0xFFFFFFF8] I:0x84 [4]
.PC:0x000008CD SP:0x001FFF80 [0xFFFFFC04] I:0x82 [2]
.PC:0x000008CE SP:0x001FFF80 [0xFFFE0202] I:0x81 [1]
.PC:0x000008CF SP:0x001FFF80 [0xFF010101] I:0x80 [0]
.PC:0x000008D0 SP:0x001FFF80 [0x80808080] I:0x06 [0]
.PC:0x000008D1 SP:0x001FFF84 [0x00000000] I:0x51 [1]
.PC:0x000008D2 SP:0x001FFF88 [0x00000000] I:0x51 [1]
.PC:0x000008D3 SP:0x001FFF8C [0x00000000] I:0x52 [2]
.PC:0x000008D4 SP:0x001FFF90 [0x00002694] I:0x53 [3]
.PC:0x000008D5 SP:0x001FFF94 [0x00000000] I:0x70 [0]
.PC:0x000008D6 SP:0x001FFF90 [0x00000000] I:0x9D [29]
.PC:0x000008D7 SP:0x001FFF8C [0x0000001D] I:0x38 [24]
.PC:0x00000300 SP:0x001FFF88 [0x000008D8] I:0x72 [2]
.PC:0x00000301 SP:0x001FFF84 [0x00000000] I:0x09 [0]
.PC:0x00000302 SP:0x001FFF84 [0xFFFFFFFF] I:0x70 [0]
.PC:0x00000303 SP:0x001FFF80 [0xFFFFFFFF] I:0x81 [1]
.PC:0x00000304 SP:0x001FFF7C [0x00000001] I:0x05 [0]
.PC:0x00000305 SP:0x001FFF80 [0x00000000] I:0x09 [0]
.PC:0x00000306 SP:0x001FFF80 [0xFFFFFFFF] I:0x06 [0]
.PC:0x00000307 SP:0x001FFF84 [0xFFFFFFFF] I:0x0A [0]
.PC:0x00000308 SP:0x001FFF84 [0xFFFFFFFF] I:0x09 [0]
.PC:0x00000309 SP:0x001FFF84 [0x00000000] I:0x81 [1]
.PC:0x0000030A SP:0x001FFF80 [0x00000001] I:0x06 [0]
.PC:0x0000030B SP:0x001FFF84 [0x00000000] I:0xFF [127]
.PC:0x0000030C SP:0x001FFF80 [0xFFFFFFFF] I:0x05 [0]
.PC:0x0000030D SP:0x001FFF84 [0xFFFFFFFF] I:0x70 [0]
.PC:0x0000030E SP:0x001FFF80 [0xFFFFFFFF] I:0x54 [4]
.PC:0x0000030F SP:0x001FFF84 [0xFFFFFFFF] I:0x71 [1]
.PC:0x00000310 SP:0x001FFF80 [0x000008D8] I:0x06 [0]
.PC:0x00000311 SP:0x001FFF84 [0x000008D8] I:0x73 [3]
.PC:0x00000312 SP:0x001FFF80 [0xFFFFFFFF] I:0x09 [0]
.PC:0x00000313 SP:0x001FFF80 [0x00000000] I:0x72 [2]
.PC:0x00000314 SP:0x001FFF7C [0x000008D8] I:0x74 [4]
.PC:0x00000315 SP:0x001FFF78 [0x0000001D] I:0x05 [0]
.PC:0x00000316 SP:0x001FFF7C [0x000008F5] I:0xFF [127]
.PC:0x00000317 SP:0x001FFF78 [0xFFFFFFFF] I:0x05 [0]
.PC:0x00000318 SP:0x001FFF7C [0x000008F4] I:0x06 [0]
.PC:0x00000319 SP:0x001FFF80 [0x00000000] I:0x07 [0]
.PC:0x0000031A SP:0x001FFF84 [0x000008D8] I:0x51 [1]
.PC:0x0000031B SP:0x001FFF88 [0x000008D8] I:0x51 [1]
.PC:0x0000031C SP:0x001FFF8C [0x000008D8] I:0x51 [1]
.PC:0x0000031D SP:0x001FFF90 [0x000008D8] I:0x04 [0]
.PC:0x000008D8 SP:0x001FFF94 [0x00000000] I:0x84 [4]
.PC:0x000008D9 SP:0x001FFF90 [0x00000004] I:0x13 [3]
.PC:0x000008DA SP:0x001FFF90 [0x00002698] I:0x70 [0]
.PC:0x000008DB SP:0x001FFF8C [0x00002698] I:0x08 [0]
.PC:0x000008DC SP:0x001FFF8C [0x6F77206F] I:0x70 [0]
.PC:0x000008DD SP:0x001FFF88 [0x6F77206F] I:0x09 [0]
.PC:0x000008DE SP:0x001FFF88 [0x9088DF90] I:0xF7 [119]
.PC:0x000008DF SP:0x001FFF84 [0xFFFFFFF7] I:0xFB [123]
.PC:0x000008E0 SP:0x001FFF84 [0xFFFFFBFB] I:0xFD [125]
.PC:0x000008E1 SP:0x001FFF84 [0xFFFDFDFD] I:0xFF [127]
.PC:0x000008E2 SP:0x001FFF84 [0xFEFEFEFF] I:0x12 [2]
.PC:0x000008E3 SP:0x001FFF84 [0x6E761F6E] I:0x06 [0]
.PC:0x000008E4 SP:0x001FFF88 [0x00001F00] I:0x70 [0]
.PC:0x000008E5 SP:0x001FFF84 [0x00001F00] I:0xF8 [120]
.PC:0x000008E6 SP:0x001FFF80 [0xFFFFFFF8] I:0x84 [4]
.PC:0x000008E7 SP:0x001FFF80 [0xFFFFFC04] I:0x82 [2]
.PC:0x000008E8 SP:0x001FFF80 [0xFFFE0202] I:0x81 [1]
.PC:0x000008E9 SP:0x001FFF80 [0xFF010101] I:0x80 [0]
.PC:0x000008EA SP:0x001FFF80 [0x80808080] I:0x06 [0]
.PC:0x000008EB SP:0x001FFF84 [0x00000000] I:0x51 [1]
.PC:0x000008EC SP:0x001FFF88 [0x00000000] I:0x51 [1]
.PC:0x000008ED SP:0x001FFF8C [0x00000000] I:0x52 [2]
.PC:0x000008EE SP:0x001FFF90 [0x00002698] I:0x53 [3]
.PC:0x000008EF SP:0x001FFF94 [0x00000000] I:0x70 [0]
.PC:0x000008F0 SP:0x001FFF90 [0x00000000] I:0x80 [0]
.PC:0x000008F1 SP:0x001FFF8C [0x00000000] I:0x2E [14]
.PC:0x000001C0 SP:0x001FFF88 [0x000008F2] I:0x72 [2]
.PC:0x000001C1 SP:0x001FFF84 [0x00000000] I:0x09 [0]
.PC:0x000001C2 SP:0x001FFF84 [0xFFFFFFFF] I:0x81 [1]
.PC:0x000001C3 SP:0x001FFF80 [0x00000001] I:0x05 [0]
.PC:0x000001C4 SP:0x001FFF84 [0x00000000] I:0x72 [2]
.PC:0x000001C5 SP:0x001FFF80 [0x00000000] I:0x05 [0]
.PC:0x000001C6 SP:0x001FFF84 [0x00000000] I:0x09 [0]
.PC:0x000001C7 SP:0x001FFF84 [0xFFFFFFFF] I:0x70 [0]
.PC:0x000001C8 SP:0x001FFF80 [0xFFFFFFFF] I:0x81 [1]
.PC:0x000001C9 SP:0x001FFF7C [0x00000001] I:0x05 [0]
.PC:0x000001CA SP:0x001FFF80 [0x00000000] I:0x09 [0]
.PC:0x000001CB SP:0x001FFF80 [0xFFFFFFFF] I:0x06 [0]
.PC:0x000001CC SP:0x001FFF84 [0xFFFFFFFF] I:0x0A [0]
.PC:0x000001CD SP:0x001FFF84 [0xFFFFFFFF] I:0x81 [1]
.PC:0x000001CE SP:0x001FFF80 [0x00000001] I:0x06 [0]
.PC:0x000001CF SP:0x001FFF84 [0x00000001] I:0x53 [3]
.PC:0x000001D0 SP:0x001FFF88 [0x000008F2] I:0x51 [1]
.PC:0x000001D1 SP:0x001FFF8C [0x000008F2] I:0x04 [0]
.PC:0x000008F2 SP:0x001FFF90 [0x00000001] I:0xE5 [101]
.PC:0x000008F3 SP:0x001FFF8C [0xFFFFFFE5] I:0x38 [24]
.PC:0x00000300 SP:0x001FFF88 [0x000008F4] I:0x72 [2]
.PC:0x00000301 SP:0x001FFF84 [0x00000001] I:0x09 [0]
.PC:0x00000302 SP:0x001FFF84 [0xFFFFFFFE] I:0x70 [0]
.PC:0x00000303 SP:0x001FFF80 [0xFFFFFFFE] I:0x81 [1]
.PC:0x00000304 SP:0x001FFF7C [0x00000001] I:0x05 [0]
.PC:0x00000305 SP:0x001FFF80 [0xFFFFFFFF] I:0x09 [0]
.PC:0x00000306 SP:0x001FFF80 [0x00000000] I:0x06 [0]
.PC:0x00000307 SP:0x001FFF84 [0x00000000] I:0x0A [0]
.PC:0x00000308 SP:0x001FFF84 [0x00000000] I:0x09 [0]
.PC:0x00000309 SP:0x001FFF84 [0xFFFFFFFF] I:0x81 [1]
.PC:0x0000030A SP:0x001FFF80 [0x00000001] I:0x06 [0]
.PC:0x0000030B SP:0x001FFF84 [0x00000001] I:0xFF [127]
.PC:0x0000030C SP:0x001FFF80 [0xFFFFFFFF] I:0x05 [0]
.PC:0x0000030D SP:0x001FFF84 [0x00000000] I:0x70 [0]
.PC:0x0000030E SP:0x001FFF80 [0x00000000] I:0x54 [4]
.PC:0x0000030F SP:0x001FFF84 [0x00000000] I:0x71 [1]
.PC:0x00000310 SP:0x001FFF80 [0x000008F4] I:0x06 [0]
.PC:0x00000311 SP:0x001FFF84 [0x00000000] I:0x73 [3]
.PC:0x00000312 SP:0x001FFF80 [0x00000000] I:0x09 [0]
.PC:0x00000313 SP:0x001FFF80 [0xFFFFFFFF] I:0x72 [2]
.PC:0x00000314 SP:0x001FFF7C [0x000008F4] I:0x74 [4]
.PC:0x00000315 SP:0x001FFF78 [0xFFFFFFE5] I:0x05 [0]
.PC:0x00000316 SP:0x001FFF7C [0x000008D9] I:0xFF [127]
.PC:0x00000317 SP:0x001FFF78 [0xFFFFFFFF] I:0x05 [0]
.PC:0x00000318 SP:0x001FFF7C [0x000008D8] I:0x06 [0]
.PC:0x00000319 SP:0x001FFF80 [0x000008D8] I:0x07 [0]
.PC:0x0000031A SP:0x001FFF84 [0x000008D8] I:0x51 [1]
.PC:0x0000031B SP:0x001FFF88 [0x000008D8] I:0x51 [1]
.PC:0x0000031C SP:0x001FFF8C [0x000008D8] I:0x51 [1]
.PC:0x0000031D SP:0x001FFF90 [0x000008D8] I:0x04 [0]
.PC:0x000008D8 SP:0x001FFF94 [0x00000000] I:0x84 [4]
.PC:0x000008D9 SP:0x001FFF90 [0x00000004] I:0x13 [3]
.PC:0x000008DA SP:0x001FFF90 [0x0000269C] I:0x70 [0]
.PC:0x000008DB SP:0x001FFF8C [0x0000269C] I:0x08 [0]
.PC:0x000008DC SP:0x001FFF8C [0x21646C72] I:0x70 [0]
.PC:0x000008DD SP:0x001FFF88 [0x21646C72] I:0x09 [0]
.PC:0x000008DE SP:0x001FFF88 [0xDE9B938D] I:0xF7 [119]
.PC:0x000008DF SP:0x001FFF84 [0xFFFFFFF7] I:0xFB [123]
.PC:0x000008E0 SP:0x001FFF84 [0xFFFFFBFB] I:0xFD [125]
.PC:0x000008E1 SP:0x001FFF84 [0xFFFDFDFD] I:0xFF [127]
.PC:0x000008E2 SP:0x001FFF84 [0xFEFEFEFF] I:0x12 [2]
.PC:0x000008E3 SP:0x001FFF84 [0x20636B71] I:0x06 [0]
.PC:0x000008E4 SP:0x001FFF88 [0x00030301] I:0x70 [0]
.PC:0x000008E5 SP:0x001FFF84 [0x00030301] I:0xF8 [120]
.PC:0x000008E6 SP:0x001FFF80 [0xFFFFFFF8] I:0x84 [4]
.PC:0x000008E7 SP:0x001FFF80 [0xFFFFFC04] I:0x82 [2]
.PC:0x000008E8 SP:0x001FFF80 [0xFFFE0202] I:0x81 [1]
.PC:0x000008E9 SP:0x001FFF80 [0xFF010101] I:0x80 [0]
.PC:0x000008EA SP:0x001FFF80 [0x80808080] I:0x06 [0]
.PC:0x000008EB SP:0x001FFF84 [0x00000000] I:0x51 [1]
.PC:0x000008EC SP:0x001FFF88 [0x00000000] I:0x51 [1]
.PC:0x000008ED SP:0x001FFF8C [0x00000000] I:0x52 [2]
.PC:0x000008EE SP:0x001FFF90 [0x0000269C] I:0x53 [3]
.PC:0x000008EF SP:0x001FFF94 [0x00000000] I:0x70 [0]
.PC:0x000008F0 SP:0x001FFF90 [0x00000000] I:0x80 [0]
.PC:0x000008F1 SP:0x001FFF8C [0x00000000] I:0x2E [14]
.PC:0x000001C0 SP:0x001FFF88 [0x000008F2] I:0x72 [2]
.PC:0x000001C1 SP:0x001FFF84 [0x00000000] I:0x09 [0]
.PC:0x000001C2 SP:0x001FFF84 [0xFFFFFFFF] I:0x81 [1]
.PC:0x000001C3 SP:0x001FFF80 [0x00000001] I:0x05 [0]
.PC:0x000001C4 SP:0x001FFF84 [0x00000000] I:0x72 [2]
.PC:0x000001C5 SP:0x001FFF80 [0x00000000] I:0x05 [0]
.PC:0x000001C6 SP:0x001FFF84 [0x00000000] I:0x09 [0]
.PC:0x000001C7 SP:0x001FFF84 [0xFFFFFFFF] I:0x70 [0]
.PC:0x000001C8 SP:0x001FFF80 [0xFFFFFFFF] I:0x81 [1]
.PC:0x000001C9 SP:0x001FFF7C [0x00000001] I:0x05 [0]
.PC:0x000001CA SP:0x001FFF80 [0x00000000] I:0x09 [0]
.PC:0x000001CB SP:0x001FFF80 [0xFFFFFFFF] I:0x06 [0]
.PC:0x000001CC SP:0x001FFF84 [0xFFFFFFFF] I:0x0A [0]
.PC:0x000001CD SP:0x001FFF84 [0xFFFFFFFF] I:0x81 [1]
.PC:0x000001CE SP:0x001FFF80 [0x00000001] I:0x06 [0]
.PC:0x000001CF SP:0x001FFF84 [0x00000001] I:0x53 [3]
.PC:0x000001D0 SP:0x001FFF88 [0x000008F2] I:0x51 [1]
.PC:0x000001D1 SP:0x001FFF8C [0x000008F2] I:0x04 [0]
.PC:0x000008F2 SP:0x001FFF90 [0x00000001] I:0xE5 [101]
.PC:0x000008F3 SP:0x001FFF8C [0xFFFFFFE5] I:0x38 [24]
.PC:0x00000300 SP:0x001FFF88 [0x000008F4] I:0x72 [2]
.PC:0x00000301 SP:0x001FFF84 [0x00000001] I:0x09 [0]
.PC:0x00000302 SP:0x001FFF84 [0xFFFFFFFE] I:0x70 [0]
.PC:0x00000303 SP:0x001FFF80 [0xFFFFFFFE] I:0x81 [1]
.PC:0x00000304 SP:0x001FFF7C [0x00000001] I:0x05 [0]
.PC:0x00000305 SP:0x001FFF80 [0xFFFFFFFF] I:0x09 [0]
.PC:0x00000306 SP:0x001FFF80 [0x00000000] I:0x06 [0]
.PC:0x00000307 SP:0x001FFF84 [0x00000000] I:0x0A [0]
.PC:0x00000308 SP:0x001FFF84 [0x00000000] I:0x09 [0]
.PC:0x00000309 SP:0x001FFF84 [0xFFFFFFFF] I:0x81 [1]
.PC:0x0000030A SP:0x001FFF80 [0x00000001] I:0x06 [0]
.PC:0x0000030B SP:0x001FFF84 [0x00000001] I:0xFF [127]
.PC:0x0000030C SP:0x001FFF80 [0xFFFFFFFF] I:0x05 [0]
.PC:0x0000030D SP:0x001FFF84 [0x00000000] I:0x70 [0]
.PC:0x0000030E SP:0x001FFF80 [0x00000000] I:0x54 [4]
.PC:0x0000030F SP:0x001FFF84 [0x00000000] I:0x71 [1]
.PC:0x00000310 SP:0x001FFF80 [0x000008F4] I:0x06 [0]
.PC:0x00000311 SP:0x001FFF84 [0x00000000] I:0x73 [3]
.PC:0x00000312 SP:0x001FFF80 [0x00000000] I:0x09 [0]
.PC:0x00000313 SP:0x001FFF80 [0xFFFFFFFF] I:0x72 [2]
.PC:0x00000314 SP:0x001FFF7C [0x000008F4] I:0x74 [4]
.PC:0x00000315 SP:0x001FFF78 [0xFFFFFFE5] I:0x05 [0]
.PC:0x00000316 SP:0x001FFF7C [0x000008D9] I:0xFF [127]
.PC:0x00000317 SP:0x001FFF78 [0xFFFFFFFF] I:0x05 [0]
.PC:0x00000318 SP:0x001FFF7C [0x000008D8] I:0x06 [0]
.PC:0x00000319 SP:0x001FFF80 [0x000008D8] I:0x07 [0]
.PC:0x0000031A SP:0x001FFF84 [0x000008D8] I:0x51 [1]
.PC:0x0000031B SP:0x001FFF88 [0x000008D8] I:0x51 [1]
.PC:0x0000031C SP:0x001FFF8C [0x000008D8] I:0x51 [1]
.PC:0x0000031D SP:0x001FFF90 [0x000008D8] I:0x04 [0]
.PC:0x000008D8 SP:0x001FFF94 [0x00000000] I:0x84 [4]
.PC:0x000008D9 SP:0x001FFF90 [0x00000004] I:0x13 [3]
.PC:0x000008DA SP:0x001FFF90 [0x000026A0] I:0x70 [0]
.PC:0x000008DB SP:0x001FFF8C [0x000026A0] I:0x08 [0]
.PC:0x000008DC SP:0x001FFF8C [0x00000000] I:0x70 [0]
.PC:0x000008DD SP:0x001FFF88 [0x00000000] I:0x09 [0]
.PC:0x000008DE SP:0x001FFF88 [0xFFFFFFFF] I:0xF7 [119]
.PC:0x000008DF SP:0x001FFF84 [0xFFFFFFF7] I:0xFB [123]
.PC:0x000008E0 SP:0x001FFF84 [0xFFFFFBFB] I:0xFD [125]
.PC:0x000008E1 SP:0x001FFF84 [0xFFFDFDFD] I:0xFF [127]
.PC:0x000008E2 SP:0x001FFF84 [0xFEFEFEFF] I:0x12 [2]
.PC:0x000008E3 SP:0x001FFF84 [0xFEFEFEFF] I:0x06 [0]
.PC:0x000008E4 SP:0x001FFF88 [0xFEFEFEFF] I:0x70 [0]
.PC:0x000008E5 SP:0x001FFF84 [0xFEFEFEFF] I:0xF8 [120]
.PC:0x000008E6 SP:0x001FFF80 [0xFFFFFFF8] I:0x84 [4]
.PC:0x000008E7 SP:0x001FFF80 [0xFFFFFC04] I:0x82 [2]
.PC:0x000008E8 SP:0x001FFF80 [0xFFFE0202] I:0x81 [1]
.PC:0x000008E9 SP:0x001FFF80 [0xFF010101] I:0x80 [0]
.PC:0x000008EA SP:0x001FFF80 [0x80808080] I:0x06 [0]
.PC:0x000008EB SP:0x001FFF84 [0x80808080] I:0x51 [1]
.PC:0x000008EC SP:0x001FFF88 [0x80808080] I:0x51 [1]
.PC:0x000008ED SP:0x001FFF8C [0x80808080] I:0x52 [2]
.PC:0x000008EE SP:0x001FFF90 [0x000026A0] I:0x53 [3]
.PC:0x000008EF SP:0x001FFF94 [0x80808080] I:0x70 [0]
.PC:0x000008F0 SP:0x001FFF90 [0x80808080] I:0x80 [0]
.PC:0x000008F1 SP:0x001FFF8C [0x00000000] I:0x2E [14]
.PC:0x000001C0 SP:0x001FFF88 [0x000008F2] I:0x72 [2]
.PC:0x000001C1 SP:0x001FFF84 [0x80808080] I:0x09 [0]
.PC:0x000001C2 SP:0x001FFF84 [0x7F7F7F7F] I:0x81 [1]
.PC:0x000001C3 SP:0x001FFF80 [0x00000001] I:0x05 [0]
.PC:0x000001C4 SP:0x001FFF84 [0x7F7F7F80] I:0x72 [2]
.PC:0x000001C5 SP:0x001FFF80 [0x00000000] I:0x05 [0]
.PC:0x000001C6 SP:0x001FFF84 [0x7F7F7F80] I:0x09 [0]
.PC:0x000001C7 SP:0x001FFF84 [0x8080807F] I:0x70 [0]
.PC:0x000001C8 SP:0x001FFF80 [0x8080807F] I:0x81 [1]
.PC:0x000001C9 SP:0x001FFF7C [0x00000001] I:0x05 [0]
.PC:0x000001CA SP:0x001FFF80 [0x80808080] I:0x09 [0]
.PC:0x000001CB SP:0x001FFF80 [0x7F7F7F7F] I:0x06 [0]
.PC:0x000001CC SP:0x001FFF84 [0x0000007F] I:0x0A [0]
.PC:0x000001CD SP:0x001FFF84 [0xFE000000] I:0x81 [1]
.PC:0x000001CE SP:0x001FFF80 [0x00000001] I:0x06 [0]
.PC:0x000001CF SP:0x001FFF84 [0x00000000] I:0x53 [3]
.PC:0x000001D0 SP:0x001FFF88 [0x000008F2] I:0x51 [1]
.PC:0x000001D1 SP:0x001FFF8C [0x000008F2] I:0x04 [0]
.PC:0x000008F2 SP:0x001FFF90 [0x00000000] I:0xE5 [101]
.PC:0x000008F3 SP:0x001FFF8C [0xFFFFFFE5] I:0x38 [24]
.PC:0x00000300 SP:0x001FFF88 [0x000008F4] I:0x72 [2]
.PC:0x00000301 SP:0x001FFF84 [0x00000000] I:0x09 [0]
.PC:0x00000302 SP:0x001FFF84 [0xFFFFFFFF] I:0x70 [0]
.PC:0x00000303 SP:0x001FFF80 [0xFFFFFFFF] I:0x81 [1]
.PC:0x00000304 SP:0x001FFF7C [0x00000001] I:0x05 [0]
.PC:0x00000305 SP:0x001FFF80 [0x00000000] I:0x09 [0]
.PC:0x00000306 SP:0x001FFF80 [0xFFFFFFFF] I:0x06 [0]
.PC:0x00000307 SP:0x001FFF84 [0xFFFFFFFF] I:0x0A [0]
.PC:0x00000308 SP:0x001FFF84 [0xFFFFFFFF] I:0x09 [0]
.PC:0x00000309 SP:0x001FFF84 [0x00000000] I:0x81 [1]
.PC:0x0000030A SP:0x001FFF80 [0x00000001] I:0x06 [0]
.PC:0x0000030B SP:0x001FFF84 [0x00000000] I:0xFF [127]
.PC:0x0000030C SP:0x001FFF80 [0xFFFFFFFF] I:0x05 [0]
.PC:0x0000030D SP:0x001FFF84 [0xFFFFFFFF] I:0x70 [0]
.PC:0x0000030E SP:0x001FFF80 [0xFFFFFFFF] I:0x54 [4]
.PC:0x0000030F SP:0x001FFF84 [0xFFFFFFFF] I:0x71 [1]
.PC:0x00000310 SP:0x001FFF80 [0x000008F4] I:0x06 [0]
.PC:0x00000311 SP:0x001FFF84 [0x000008F4] I:0x73 [3]
.PC:0x00000312 SP:0x001FFF80 [0xFFFFFFFF] I:0x09 [0]
.PC:0x00000313 SP:0x001FFF80 [0x00000000] I:0x72 [2]
.PC:0x00000314 SP:0x001FFF7C [0x000008F4] I:0x74 [4]
.PC:0x00000315 SP:0x001FFF78 [0xFFFFFFE5] I:0x05 [0]
.PC:0x00000316 SP:0x001FFF7C [0x000008D9] I:0xFF [127]
.PC:0x00000317 SP:0x001FFF78 [0xFFFFFFFF] I:0x05 [0]
.PC:0x00000318 SP:0x001FFF7C [0x000008D8] I:0x06 [0]
.PC:0x00000319 SP:0x001FFF80 [0x00000000] I:0x07 [0]
.PC:0x0000031A SP:0x001FFF84 [0x000008F4] I:0x51 [1]
.PC:0x0000031B SP:0x001FFF88 [0x000008F4] I:0x51 [1]
.PC:0x0000031C SP:0x001FFF8C [0x000008F4] I:0x51 [1]
.PC:0x0000031D SP:0x001FFF90 [0x000008F4] I:0x04 [0]
.PC:0x000008F4 SP:0x001FFF94 [0x80808080] I:0x72 [2]
.PC:0x000008F5 SP:0x001FFF90 [0x000026A0] I:0x52 [2]
.PC:0x000008F6 SP:0x001FFF94 [0x80808080] I:0x71 [1]
.PC:0x000008F7 SP:0x001FFF90 [0x000026A0] I:0x33 [19]
.PC:0x00000260 SP:0x001FFF8C [0x000008F8] I:0x71 [1]
.PC:0x00000261 SP:0x001FFF88 [0x000026A0] I:0xFC [124]
.PC:0x00000262 SP:0x001FFF84 [0xFFFFFFFC] I:0x06 [0]
.PC:0x00000263 SP:0x001FFF88 [0x000026A0] I:0x08 [0]
.PC:0x00000264 SP:0x001FFF88 [0x00000000] I:0x72 [2]
.PC:0x00000265 SP:0x001FFF84 [0x000026A0] I:0x83 [3]
.PC:0x00000266 SP:0x001FFF80 [0x00000003] I:0x06 [0]
.PC:0x00000267 SP:0x001FFF84 [0x00000000] I:0x09 [0]
.PC:0x00000268 SP:0x001FFF84 [0xFFFFFFFF] I:0x81 [1]
.PC:0x00000269 SP:0x001FFF80 [0x00000001] I:0x05 [0]
.PC:0x0000026A SP:0x001FFF84 [0x00000000] I:0x83 [3]
.PC:0x0000026B SP:0x001FFF80 [0x00000003] I:0x05 [0]
.PC:0x0000026C SP:0x001FFF84 [0x00000003] I:0x10 [0]
.PC:0x0000026D SP:0x001FFF84 [0x00000006] I:0x10 [0]
.PC:0x0000026E SP:0x001FFF84 [0x0000000C] I:0x10 [0]
.PC:0x0000026F SP:0x001FFF84 [0x00000018] I:0x2A [10]
.PC:0x00000140 SP:0x001FFF80 [0x00000270] I:0x72 [2]
.PC:0x00000141 SP:0x001FFF7C [0x00000000] I:0x0A [0]
.PC:0x00000142 SP:0x001FFF7C [0x00000000] I:0x72 [2]
.PC:0x00000143 SP:0x001FFF78 [0x00000018] I:0x2B [11]
.PC:0x00000160 SP:0x001FFF74 [0x00000144] I:0x72 [2]
.PC:0x00000161 SP:0x001FFF70 [0x00000000] I:0x72 [2]
.PC:0x00000162 SP:0x001FFF6C [0x00000018] I:0x9F [31]
.PC:0x00000163 SP:0x001FFF68 [0x0000001F] I:0x06 [0]
.PC:0x00000164 SP:0x001FFF6C [0x00000018] I:0x09 [0]
.PC:0x00000165 SP:0x001FFF6C [0xFFFFFFE7] I:0x81 [1]
.PC:0x00000166 SP:0x001FFF68 [0x00000001] I:0x05 [0]
.PC:0x00000167 SP:0x001FFF6C [0xFFFFFFE8] I:0x0B [0]
.PC:0x00000168 SP:0x001FFF6C [0xFFFFFFE8] I:0x0B [0]
.PC:0x00000169 SP:0x001FFF6C [0xFFFFFFE8] I:0x0B [0]
.PC:0x0000016A SP:0x001FFF6C [0xFFFFFFE8] I:0x88 [8]
.PC:0x0000016B SP:0x001FFF68 [0x00000008] I:0xA7 [39]
.PC:0x0000016C SP:0x001FFF68 [0x00000427] I:0x05 [0]
.PC:0x0000016D SP:0x001FFF6C [0x0000040F] I:0x04 [0]
.PC:0x0000040F SP:0x001FFF70 [0x00000000] I:0x10 [0]
.PC:0x00000410 SP:0x001FFF70 [0x00000000] I:0x10 [0]
.PC:0x00000411 SP:0x001FFF70 [0x00000000] I:0x10 [0]
.PC:0x00000412 SP:0x001FFF70 [0x00000000] I:0x10 [0]
.PC:0x00000413 SP:0x001FFF70 [0x00000000] I:0x10 [0]
.PC:0x00000414 SP:0x001FFF70 [0x00000000] I:0x10 [0]
.PC:0x00000415 SP:0x001FFF70 [0x00000000] I:0x10 [0]
.PC:0x00000416 SP:0x001FFF70 [0x00000000] I:0x10 [0]
.PC:0x00000417 SP:0x001FFF70 [0x00000000] I:0x10 [0]
.PC:0x00000418 SP:0x001FFF70 [0x00000000] I:0x10 [0]
.PC:0x00000419 SP:0x001FFF70 [0x00000000] I:0x10 [0]
.PC:0x0000041A SP:0x001FFF70 [0x00000000] I:0x10 [0]
.PC:0x0000041B SP:0x001FFF70 [0x00000000] I:0x10 [0]
.PC:0x0000041C SP:0x001FFF70 [0x00000000] I:0x10 [0]
.PC:0x0000041D SP:0x001FFF70 [0x00000000] I:0x10 [0]
.PC:0x0000041E SP:0x001FFF70 [0x00000000] I:0x10 [0]
.PC:0x0000041F SP:0x001FFF70 [0x00000000] I:0x10 [0]
.PC:0x00000420 SP:0x001FFF70 [0x00000000] I:0x10 [0]
.PC:0x00000421 SP:0x001FFF70 [0x00000000] I:0x10 [0]
.PC:0x00000422 SP:0x001FFF70 [0x00000000] I:0x10 [0]
.PC:0x00000423 SP:0x001FFF70 [0x00000000] I:0x10 [0]
.PC:0x00000424 SP:0x001FFF70 [0x00000000] I:0x10 [0]
.PC:0x00000425 SP:0x001FFF70 [0x00000000] I:0x10 [0]
.PC:0x00000426 SP:0x001FFF70 [0x00000000] I:0x10 [0]
.PC:0x00000427 SP:0x001FFF70 [0x00000000] I:0x53 [3]
.PC:0x00000428 SP:0x001FFF74 [0x00000144] I:0x51 [1]
.PC:0x00000429 SP:0x001FFF78 [0x00000144] I:0x04 [0]
.PC:0x00000144 SP:0x001FFF7C [0x00000000] I:0x0A [0]
.PC:0x00000145 SP:0x001FFF7C [0x00000000] I:0x53 [3]
.PC:0x00000146 SP:0x001FFF80 [0x00000270] I:0x51 [1]
.PC:0x00000147 SP:0x001FFF84 [0x00000270] I:0x04 [0]
.PC:0x00000270 SP:0x001FFF88 [0x00000000] I:0x81 [1]
.PC:0x00000271 SP:0x001FFF84 [0x00000001] I:0xFF [127]
.PC:0x00000272 SP:0x001FFF84 [0x000000FF] I:0x06 [0]
.PC:0x00000273 SP:0x001FFF88 [0x00000000] I:0x52 [2]
.PC:0x00000274 SP:0x001FFF8C [0x000008F8] I:0x04 [0]
.PC:0x000008F8 SP:0x001FFF90 [0x00000000] I:0x51 [1]
.PC:0x000008F9 SP:0x001FFF94 [0x00000000] I:0x70 [0]
.PC:0x000008FA SP:0x001FFF90 [0x00000000] I:0x80 [0]
.PC:0x000008FB SP:0x001FFF8C [0x00000000] I:0x2E [14]
.PC:0x000001C0 SP:0x001FFF88 [0x000008FC] I:0x72 [2]
.PC:0x000001C1 SP:0x001FFF84 [0x00000000] I:0x09 [0]
.PC:0x000001C2 SP:0x001FFF84 [0xFFFFFFFF] I:0x81 [1]
.PC:0x000001C3 SP:0x001FFF80 [0x00000001] I:0x05 [0]
.PC:0x000001C4 SP:0x001FFF84 [0x00000000] I:0x72 [2]
.PC:0x000001C5 SP:0x001FFF80 [0x00000000] I:0x05 [0]
.PC:0x000001C6 SP:0x001FFF84 [0x00000000] I:0x09 [0]
.PC:0x000001C7 SP:0x001FFF84 [0xFFFFFFFF] I:0x70 [0]
.PC:0x000001C8 SP:0x001FFF80 [0xFFFFFFFF] I:0x81 [1]
.PC:0x000001C9 SP:0x001FFF7C [0x00000001] I:0x05 [0]
.PC:0x000001CA SP:0x001FFF80 [0x00000000] I:0x09 [0]
.PC:0x000001CB SP:0x001FFF80 [0xFFFFFFFF] I:0x06 [0]
.PC:0x000001CC SP:0x001FFF84 [0xFFFFFFFF] I:0x0A [0]
.PC:0x000001CD SP:0x001FFF84 [0xFFFFFFFF] I:0x81 [1]
.PC:0x000001CE SP:0x001FFF80 [0x00000001] I:0x06 [0]
.PC:0x000001CF SP:0x001FFF84 [0x00000001] I:0x53 [3]
.PC:0x000001D0 SP:0x001FFF88 [0x000008FC] I:0x51 [1]
.PC:0x000001D1 SP:0x001FFF8C [0x000008FC] I:0x04 [0]
.PC:0x000008FC SP:0x001FFF90 [0x00000001] I:0x8A [10]
.PC:0x000008FD SP:0x001FFF8C [0x0000000A] I:0x38 [24]
.PC:0x00000300 SP:0x001FFF88 [0x000008FE] I:0x72 [2]
.PC:0x00000301 SP:0x001FFF84 [0x00000001] I:0x09 [0]
.PC:0x00000302 SP:0x001FFF84 [0xFFFFFFFE] I:0x70 [0]
.PC:0x00000303 SP:0x001FFF80 [0xFFFFFFFE] I:0x81 [1]
.PC:0x00000304 SP:0x001FFF7C [0x00000001] I:0x05 [0]
.PC:0x00000305 SP:0x001FFF80 [0xFFFFFFFF] I:0x09 [0]
.PC:0x00000306 SP:0x001FFF80 [0x00000000] I:0x06 [0]
.PC:0x00000307 SP:0x001FFF84 [0x00000000] I:0x0A [0]
.PC:0x00000308 SP:0x001FFF84 [0x00000000] I:0x09 [0]
.PC:0x00000309 SP:0x001FFF84 [0xFFFFFFFF] I:0x81 [1]
.PC:0x0000030A SP:0x001FFF80 [0x00000001] I:0x06 [0]
.PC:0x0000030B SP:0x001FFF84 [0x00000001] I:0xFF [127]
.PC:0x0000030C SP:0x001FFF80 [0xFFFFFFFF] I:0x05 [0]
.PC:0x0000030D SP:0x001FFF84 [0x00000000] I:0x70 [0]
.PC:0x0000030E SP:0x001FFF80 [0x00000000] I:0x54 [4]
.PC:0x0000030F SP:0x001FFF84 [0x00000000] I:0x71 [1]
.PC:0x00000310 SP:0x001FFF80 [0x000008FE] I:0x06 [0]
.PC:0x00000311 SP:0x001FFF84 [0x00000000] I:0x73 [3]
.PC:0x00000312 SP:0x001FFF80 [0x00000000] I:0x09 [0]
.PC:0x00000313 SP:0x001FFF80 [0xFFFFFFFF] I:0x72 [2]
.PC:0x00000314 SP:0x001FFF7C [0x000008FE] I:0x74 [4]
.PC:0x00000315 SP:0x001FFF78 [0x0000000A] I:0x05 [0]
.PC:0x00000316 SP:0x001FFF7C [0x00000908] I:0xFF [127]
.PC:0x00000317 SP:0x001FFF78 [0xFFFFFFFF] I:0x05 [0]
.PC:0x00000318 SP:0x001FFF7C [0x00000907] I:0x06 [0]
.PC:0x00000319 SP:0x001FFF80 [0x00000907] I:0x07 [0]
.PC:0x0000031A SP:0x001FFF84 [0x00000907] I:0x51 [1]
.PC:0x0000031B SP:0x001FFF88 [0x00000907] I:0x51 [1]
.PC:0x0000031C SP:0x001FFF8C [0x00000907] I:0x51 [1]
.PC:0x0000031D SP:0x001FFF90 [0x00000907] I:0x04 [0]
.PC:0x00000907 SP:0x001FFF94 [0x00000000] I:0x71 [1]
.PC:0x00000908 SP:0x001FFF90 [0x000026A0] I:0x74 [4]
.PC:0x00000909 SP:0x001FFF8C [0x00002694] I:0x31 [17]
.PC:0x00000220 SP:0x001FFF88 [0x0000090A] I:0x72 [2]
.PC:0x00000221 SP:0x001FFF84 [0x000026A0] I:0x72 [2]
.PC:0x00000222 SP:0x001FFF80 [0x00002694] I:0x09 [0]
.PC:0x00000223 SP:0x001FFF80 [0xFFFFD96B] I:0x81 [1]
.PC:0x00000224 SP:0x001FFF7C [0x00000001] I:0x05 [0]
.PC:0x00000225 SP:0x001FFF80 [0xFFFFD96C] I:0x05 [0]
.PC:0x00000226 SP:0x001FFF84 [0x0000000C] I:0x53 [3]
.PC:0x00000227 SP:0x001FFF88 [0x0000090A] I:0x51 [1]
.PC:0x00000228 SP:0x001FFF8C [0x0000090A] I:0x04 [0]
.PC:0x0000090A SP:0x001FFF90 [0x0000000C] I:0xB0 [48]
.PC:0x0000090B SP:0x001FFF8C [0x00000030] I:0x0C [0]
.PC:0x0000090C SP:0x001FFF94 [0x00000000] I:0x85 [5]
.PC:0x0000090D SP:0x001FFF90 [0x00000005] I:0x3D [29]
.PC:0x000003A0 SP:0x001FFF8C [0x0000090E] I:0x02 [0]
.PC:0x000003A1 SP:0x001FFF88 [0x001FFF8C] I:0x84 [4]
.PC:0x000003A2 SP:0x001FFF84 [0x00000004] I:0x05 [0]
.PC:0x000003A3 SP:0x001FFF88 [0x001FFF90] I:0x72 [2]
.PC:0x000003A4 SP:0x001FFF84 [0x00000005] I:0x10 [0]
.PC:0x000003A5 SP:0x001FFF84 [0x0000000A] I:0x10 [0]
.PC:0x000003A6 SP:0x001FFF84 [0x00000014] I:0x05 [0]
.PC:0x000003A7 SP:0x001FFF88 [0x001FFFA4] I:0x52 [2]
.PC:0x000003A8 SP:0x001FFF8C [0x0000090E] I:0x04 [0]
.PC:0x0000090E SP:0x001FFF90 [0x001FFFA4] I:0x0D [0]
.PC:0x0000090F SP:0x001FFFA4 [0x0000086A] I:0x04 [0]
.PC:0x0000086A SP:0x001FFFA8 [0x00002694] I:0x72 [2]
.PC:0x0000086B SP:0x001FFFA4 [0x00002694] I:0x54 [4]
.PC:0x0000086C SP:0x001FFFA8 [0x00002694] I:0xB0 [48]
.PC:0x0000086D SP:0x001FFFA4 [0x00000030] I:0x08 [0]
.PC:0x0000086E SP:0x001FFFA4 [0x0000000C] I:0x55 [5]
.PC:0x0000086F SP:0x001FFFA8 [0x00002694] I:0x80 [0]
.PC:0x00000870 SP:0x001FFFA4 [0x00000000] I:0xCD [77]
.PC:0x00000871 SP:0x001FFFA4 [0x0000004D] I:0xA4 [36]
.PC:0x00000872 SP:0x001FFFA4 [0x000026A4] I:0x56 [6]
.PC:0x00000873 SP:0x001FFFA8 [0x00002694] I:0x81 [1]
.PC:0x00000874 SP:0x001FFFA4 [0x00000001] I:0x57 [7]
.PC:0x00000875 SP:0x001FFFA8 [0x00002694] I:0xB0 [48]
.PC:0x00000876 SP:0x001FFFA4 [0x00000030] I:0x08 [0]
.PC:0x00000877 SP:0x001FFFA4 [0x0000000C] I:0x81 [1]
.PC:0x00000878 SP:0x001FFFA0 [0x00000001] I:0x05 [0]
.PC:0x00000879 SP:0x001FFFA4 [0x0000000D] I:0x5A [10]
.PC:0x0000087A SP:0x001FFFA8 [0x00002694] I:0x8B [11]
.PC:0x0000087B SP:0x001FFFA4 [0x0000000B] I:0x3D [29]
.PC:0x000003A0 SP:0x001FFFA0 [0x0000087C] I:0x02 [0]
.PC:0x000003A1 SP:0x001FFF9C [0x001FFFA0] I:0x84 [4]
.PC:0x000003A2 SP:0x001FFF98 [0x00000004] I:0x05 [0]
.PC:0x000003A3 SP:0x001FFF9C [0x001FFFA4] I:0x72 [2]
.PC:0x000003A4 SP:0x001FFF98 [0x0000000B] I:0x10 [0]
.PC:0x000003A5 SP:0x001FFF98 [0x00000016] I:0x10 [0]
.PC:0x000003A6 SP:0x001FFF98 [0x0000002C] I:0x05 [0]
.PC:0x000003A7 SP:0x001FFF9C [0x001FFFD0] I:0x52 [2]
.PC:0x000003A8 SP:0x001FFFA0 [0x0000087C] I:0x04 [0]
.PC:0x0000087C SP:0x001FFFA4 [0x001FFFD0] I:0xE4 [100]
.PC:0x0000087D SP:0x001FFFA0 [0xFFFFFFE4] I:0x11 [1]
.PC:0x0000087E SP:0x001FFFA0 [0x001FFFB4] I:0x59 [9]
.PC:0x0000087F SP:0x001FFFA4 [0x001FFFD0] I:0x53 [3]
.PC:0x00000880 SP:0x001FFFA8 [0x00002694] I:0x82 [2]
.PC:0x00000881 SP:0x001FFFA4 [0x00000002] I:0x59 [9]
.PC:0x00000882 SP:0x001FFFA8 [0x00002694] I:0xF4 [116]
.PC:0x00000883 SP:0x001FFFA4 [0xFFFFFFF4] I:0x13 [3]
.PC:0x00000884 SP:0x001FFFA4 [0x001FFFC4] I:0x52 [2]
.PC:0x00000885 SP:0x001FFFA8 [0x00002694] I:0x7B [11]
.PC:0x00000886 SP:0x001FFFA4 [0xCC260000] I:0x88 [8]
.PC:0x00000887 SP:0x001FFFA0 [0x00000008] I:0x11 [1]
.PC:0x00000888 SP:0x001FFFA0 [0xCC260008] I:0x08 [0]
IO RD attempt : 0x00000008
.PC:0x00000889 SP:0x001FFFA0 [0x00000000] I:0x52 [2]
.PC:0x0000088A SP:0x001FFFA4 [0xCC260000] I:0x53 [3]
.PC:0x0000088B SP:0x001FFFA8 [0x00000000] I:0x81 [1]
.PC:0x0000088C SP:0x001FFFA4 [0x00000001] I:0x83 [3]
.PC:0x0000088D SP:0x001FFFA4 [0x00000083] I:0x3F [31]
.PC:0x000003E0 SP:0x001FFFA0 [0x0000088E] I:0x71 [1]
.PC:0x000003E1 SP:0x001FFF9C [0x00000083] I:0x71 [1]
.PC:0x000003E2 SP:0x001FFF98 [0x0000088E] I:0x05 [0]
.PC:0x000003E3 SP:0x001FFF9C [0x00000911] I:0xFF [127]
.PC:0x000003E4 SP:0x001FFF98 [0xFFFFFFFF] I:0x05 [0]
.PC:0x000003E5 SP:0x001FFF9C [0x00000910] I:0x71 [1]
.PC:0x000003E6 SP:0x001FFF98 [0x0000088E] I:0x53 [3]
.PC:0x000003E7 SP:0x001FFF9C [0x00000910] I:0x51 [1]
.PC:0x000003E8 SP:0x001FFFA0 [0x00000910] I:0x02 [0]
.PC:0x000003E9 SP:0x001FFF9C [0x001FFFA0] I:0x0D [0]
.PC:0x000003EA SP:0x001FFFA0 [0x00000910] I:0x04 [0]
.PC:0x00000910 SP:0x001FFFA4 [0x0000088E] I:0xF2 [114]
.PC:0x00000911 SP:0x001FFFA0 [0xFFFFFFF2] I:0x3D [29]
.PC:0x000003A0 SP:0x001FFF9C [0x00000912] I:0x02 [0]
.PC:0x000003A1 SP:0x001FFF98 [0x001FFF9C] I:0x84 [4]
.PC:0x000003A2 SP:0x001FFF94 [0x00000004] I:0x05 [0]
.PC:0x000003A3 SP:0x001FFF98 [0x001FFFA0] I:0x72 [2]
.PC:0x000003A4 SP:0x001FFF94 [0xFFFFFFF2] I:0x10 [0]
.PC:0x000003A5 SP:0x001FFF94 [0xFFFFFFE4] I:0x10 [0]
.PC:0x000003A6 SP:0x001FFF94 [0xFFFFFFC8] I:0x05 [0]
.PC:0x000003A7 SP:0x001FFF98 [0x001FFF68] I:0x52 [2]
.PC:0x000003A8 SP:0x001FFF9C [0x00000912] I:0x04 [0]
.PC:0x00000912 SP:0x001FFFA0 [0x001FFF68] I:0x0D [0]
.PC:0x00000913 SP:0x001FFF68 [0x00000427] I:0x60 [16]
.PC:0x00000914 SP:0x001FFF64 [0x00000000] I:0x62 [18]
.PC:0x00000915 SP:0x001FFF60 [0x001FFFC4] I:0x88 [8]
.PC:0x00000916 SP:0x001FFF5C [0x00000008] I:0x11 [1]
.PC:0x00000917 SP:0x001FFF5C [0x001FFFCC] I:0x08 [0]
.PC:0x00000918 SP:0x001FFF5C [0x0000000D] I:0x70 [0]
.PC:0x00000919 SP:0x001FFF58 [0x0000000D] I:0x57 [7]
.PC:0x0000091A SP:0x001FFF5C [0x0000000D] I:0x57 [7]
.PC:0x0000091B SP:0x001FFF60 [0x001FFFC4] I:0x5F [15]
.PC:0x0000091C SP:0x001FFF64 [0x00000000] I:0x5A [10]
.PC:0x0000091D SP:0x001FFF68 [0x00000427] I:0x74 [4]
.PC:0x0000091E SP:0x001FFF64 [0x0000000D] I:0x80 [0]
.PC:0x0000091F SP:0x001FFF60 [0x00000000] I:0x2E [14]
.PC:0x000001C0 SP:0x001FFF5C [0x00000920] I:0x72 [2]
.PC:0x000001C1 SP:0x001FFF58 [0x0000000D] I:0x09 [0]
.PC:0x000001C2 SP:0x001FFF58 [0xFFFFFFF2] I:0x81 [1]
.PC:0x000001C3 SP:0x001FFF54 [0x00000001] I:0x05 [0]
.PC:0x000001C4 SP:0x001FFF58 [0xFFFFFFF3] I:0x72 [2]
.PC:0x000001C5 SP:0x001FFF54 [0x00000000] I:0x05 [0]
.PC:0x000001C6 SP:0x001FFF58 [0xFFFFFFF3] I:0x09 [0]
.PC:0x000001C7 SP:0x001FFF58 [0x0000000C] I:0x70 [0]
.PC:0x000001C8 SP:0x001FFF54 [0x0000000C] I:0x81 [1]
.PC:0x000001C9 SP:0x001FFF50 [0x00000001] I:0x05 [0]
.PC:0x000001CA SP:0x001FFF54 [0x0000000D] I:0x09 [0]
.PC:0x000001CB SP:0x001FFF54 [0xFFFFFFF2] I:0x06 [0]
.PC:0x000001CC SP:0x001FFF58 [0x00000000] I:0x0A [0]
.PC:0x000001CD SP:0x001FFF58 [0x00000000] I:0x81 [1]
.PC:0x000001CE SP:0x001FFF54 [0x00000001] I:0x06 [0]
.PC:0x000001CF SP:0x001FFF58 [0x00000000] I:0x53 [3]
.PC:0x000001D0 SP:0x001FFF5C [0x00000920] I:0x51 [1]
.PC:0x000001D1 SP:0x001FFF60 [0x00000920] I:0x04 [0]
.PC:0x00000920 SP:0x001FFF64 [0x00000000] I:0x81 [1]
.PC:0x00000921 SP:0x001FFF60 [0x00000001] I:0x8F [15]
.PC:0x00000922 SP:0x001FFF60 [0x0000008F] I:0x38 [24]
.PC:0x00000300 SP:0x001FFF5C [0x00000923] I:0x72 [2]
.PC:0x00000301 SP:0x001FFF58 [0x00000000] I:0x09 [0]
.PC:0x00000302 SP:0x001FFF58 [0xFFFFFFFF] I:0x70 [0]
.PC:0x00000303 SP:0x001FFF54 [0xFFFFFFFF] I:0x81 [1]
.PC:0x00000304 SP:0x001FFF50 [0x00000001] I:0x05 [0]
.PC:0x00000305 SP:0x001FFF54 [0x00000000] I:0x09 [0]
.PC:0x00000306 SP:0x001FFF54 [0xFFFFFFFF] I:0x06 [0]
.PC:0x00000307 SP:0x001FFF58 [0xFFFFFFFF] I:0x0A [0]
.PC:0x00000308 SP:0x001FFF58 [0xFFFFFFFF] I:0x09 [0]
.PC:0x00000309 SP:0x001FFF58 [0x00000000] I:0x81 [1]
.PC:0x0000030A SP:0x001FFF54 [0x00000001] I:0x06 [0]
.PC:0x0000030B SP:0x001FFF58 [0x00000000] I:0xFF [127]
.PC:0x0000030C SP:0x001FFF54 [0xFFFFFFFF] I:0x05 [0]
.PC:0x0000030D SP:0x001FFF58 [0xFFFFFFFF] I:0x70 [0]
.PC:0x0000030E SP:0x001FFF54 [0xFFFFFFFF] I:0x54 [4]
.PC:0x0000030F SP:0x001FFF58 [0xFFFFFFFF] I:0x71 [1]
.PC:0x00000310 SP:0x001FFF54 [0x00000923] I:0x06 [0]
.PC:0x00000311 SP:0x001FFF58 [0x00000923] I:0x73 [3]
.PC:0x00000312 SP:0x001FFF54 [0xFFFFFFFF] I:0x09 [0]
.PC:0x00000313 SP:0x001FFF54 [0x00000000] I:0x72 [2]
.PC:0x00000314 SP:0x001FFF50 [0x00000923] I:0x74 [4]
.PC:0x00000315 SP:0x001FFF4C [0x0000008F] I:0x05 [0]
.PC:0x00000316 SP:0x001FFF50 [0x000009B2] I:0xFF [127]
.PC:0x00000317 SP:0x001FFF4C [0xFFFFFFFF] I:0x05 [0]
.PC:0x00000318 SP:0x001FFF50 [0x000009B1] I:0x06 [0]
.PC:0x00000319 SP:0x001FFF54 [0x00000000] I:0x07 [0]
.PC:0x0000031A SP:0x001FFF58 [0x00000923] I:0x51 [1]
.PC:0x0000031B SP:0x001FFF5C [0x00000923] I:0x51 [1]
.PC:0x0000031C SP:0x001FFF60 [0x00000923] I:0x51 [1]
.PC:0x0000031D SP:0x001FFF64 [0x00000923] I:0x04 [0]
.PC:0x00000923 SP:0x001FFF68 [0x00000427] I:0x8C [12]
.PC:0x00000924 SP:0x001FFF64 [0x0000000C] I:0x1A [10]
.PC:0x00000925 SP:0x001FFF64 [0x0000000C] I:0x22 [2]
.PC:0x00000040 SP:0x001FFF60 [0x00000926] I:0x71 [1]
.PC:0x00000041 SP:0x001FFF5C [0x0000000C] I:0xFD [125]
.PC:0x00000042 SP:0x001FFF58 [0xFFFFFFFD] I:0x06 [0]
.PC:0x00000043 SP:0x001FFF5C [0x0000000C] I:0x08 [0]
.PC:0x00000044 SP:0x001FFF5C [0x800B0B3A] I:0x72 [2]
.PC:0x00000045 SP:0x001FFF58 [0x0000000C] I:0x83 [3]
.PC:0x00000046 SP:0x001FFF54 [0x00000003] I:0x06 [0]
.PC:0x00000047 SP:0x001FFF58 [0x00000000] I:0x09 [0]
.PC:0x00000048 SP:0x001FFF58 [0xFFFFFFFF] I:0x81 [1]
.PC:0x00000049 SP:0x001FFF54 [0x00000001] I:0x05 [0]
.PC:0x0000004A SP:0x001FFF58 [0x00000000] I:0x82 [2]
.PC:0x0000004B SP:0x001FFF54 [0x00000002] I:0x05 [0]
.PC:0x0000004C SP:0x001FFF58 [0x00000002] I:0x83 [3]
.PC:0x0000004D SP:0x001FFF54 [0x00000003] I:0x2B [11]
.PC:0x00000160 SP:0x001FFF50 [0x0000004E] I:0x72 [2]
.PC:0x00000161 SP:0x001FFF4C [0x00000002] I:0x72 [2]
.PC:0x00000162 SP:0x001FFF48 [0x00000003] I:0x9F [31]
.PC:0x00000163 SP:0x001FFF44 [0x0000001F] I:0x06 [0]
.PC:0x00000164 SP:0x001FFF48 [0x00000003] I:0x09 [0]
.PC:0x00000165 SP:0x001FFF48 [0xFFFFFFFC] I:0x81 [1]
.PC:0x00000166 SP:0x001FFF44 [0x00000001] I:0x05 [0]
.PC:0x00000167 SP:0x001FFF48 [0xFFFFFFFD] I:0x0B [0]
.PC:0x00000168 SP:0x001FFF48 [0xFFFFFFFD] I:0x0B [0]
.PC:0x00000169 SP:0x001FFF48 [0xFFFFFFFD] I:0x0B [0]
.PC:0x0000016A SP:0x001FFF48 [0xFFFFFFFD] I:0x88 [8]
.PC:0x0000016B SP:0x001FFF44 [0x00000008] I:0xA7 [39]
.PC:0x0000016C SP:0x001FFF44 [0x00000427] I:0x05 [0]
.PC:0x0000016D SP:0x001FFF48 [0x00000424] I:0x04 [0]
.PC:0x00000424 SP:0x001FFF4C [0x00000002] I:0x10 [0]
.PC:0x00000425 SP:0x001FFF4C [0x00000004] I:0x10 [0]
.PC:0x00000426 SP:0x001FFF4C [0x00000008] I:0x10 [0]
.PC:0x00000427 SP:0x001FFF4C [0x00000010] I:0x53 [3]
.PC:0x00000428 SP:0x001FFF50 [0x0000004E] I:0x51 [1]
.PC:0x00000429 SP:0x001FFF54 [0x0000004E] I:0x04 [0]
.PC:0x0000004E SP:0x001FFF58 [0x00000010] I:0x2A [10]
.PC:0x00000140 SP:0x001FFF54 [0x0000004F] I:0x72 [2]
.PC:0x00000141 SP:0x001FFF50 [0x800B0B3A] I:0x0A [0]
.PC:0x00000142 SP:0x001FFF50 [0x5CD0D001] I:0x72 [2]
.PC:0x00000143 SP:0x001FFF4C [0x00000010] I:0x2B [11]
.PC:0x00000160 SP:0x001FFF48 [0x00000144] I:0x72 [2]
.PC:0x00000161 SP:0x001FFF44 [0x5CD0D001] I:0x72 [2]
.PC:0x00000162 SP:0x001FFF40 [0x00000010] I:0x9F [31]
.PC:0x00000163 SP:0x001FFF3C [0x0000001F] I:0x06 [0]
.PC:0x00000164 SP:0x001FFF40 [0x00000010] I:0x09 [0]
.PC:0x00000165 SP:0x001FFF40 [0xFFFFFFEF] I:0x81 [1]
.PC:0x00000166 SP:0x001FFF3C [0x00000001] I:0x05 [0]
.PC:0x00000167 SP:0x001FFF40 [0xFFFFFFF0] I:0x0B [0]
.PC:0x00000168 SP:0x001FFF40 [0xFFFFFFF0] I:0x0B [0]
.PC:0x00000169 SP:0x001FFF40 [0xFFFFFFF0] I:0x0B [0]
.PC:0x0000016A SP:0x001FFF40 [0xFFFFFFF0] I:0x88 [8]
.PC:0x0000016B SP:0x001FFF3C [0x00000008] I:0xA7 [39]
.PC:0x0000016C SP:0x001FFF3C [0x00000427] I:0x05 [0]
.PC:0x0000016D SP:0x001FFF40 [0x00000417] I:0x04 [0]
.PC:0x00000417 SP:0x001FFF44 [0x5CD0D001] I:0x10 [0]
.PC:0x00000418 SP:0x001FFF44 [0xB9A1A002] I:0x10 [0]
.PC:0x00000419 SP:0x001FFF44 [0x73434004] I:0x10 [0]
.PC:0x0000041A SP:0x001FFF44 [0xE6868008] I:0x10 [0]
.PC:0x0000041B SP:0x001FFF44 [0xCD0D0010] I:0x10 [0]
.PC:0x0000041C SP:0x001FFF44 [0x9A1A0020] I:0x10 [0]
.PC:0x0000041D SP:0x001FFF44 [0x34340040] I:0x10 [0]
.PC:0x0000041E SP:0x001FFF44 [0x68680080] I:0x10 [0]
.PC:0x0000041F SP:0x001FFF44 [0xD0D00100] I:0x10 [0]
.PC:0x00000420 SP:0x001FFF44 [0xA1A00200] I:0x10 [0]
.PC:0x00000421 SP:0x001FFF44 [0x43400400] I:0x10 [0]
.PC:0x00000422 SP:0x001FFF44 [0x86800800] I:0x10 [0]
.PC:0x00000423 SP:0x001FFF44 [0x0D001000] I:0x10 [0]
.PC:0x00000424 SP:0x001FFF44 [0x1A002000] I:0x10 [0]
.PC:0x00000425 SP:0x001FFF44 [0x34004000] I:0x10 [0]
.PC:0x00000426 SP:0x001FFF44 [0x68008000] I:0x10 [0]
.PC:0x00000427 SP:0x001FFF44 [0xD0010000] I:0x53 [3]
.PC:0x00000428 SP:0x001FFF48 [0x00000144] I:0x51 [1]
.PC:0x00000429 SP:0x001FFF4C [0x00000144] I:0x04 [0]
.PC:0x00000144 SP:0x001FFF50 [0xD0010000] I:0x0A [0]
.PC:0x00000145 SP:0x001FFF50 [0x0000800B] I:0x53 [3]
.PC:0x00000146 SP:0x001FFF54 [0x0000004F] I:0x51 [1]
.PC:0x00000147 SP:0x001FFF58 [0x0000004F] I:0x04 [0]
.PC:0x0000004F SP:0x001FFF5C [0x0000800B] I:0x83 [3]
.PC:0x00000050 SP:0x001FFF58 [0x00000003] I:0xFF [127]
.PC:0x00000051 SP:0x001FFF58 [0x000001FF] I:0xFF [127]
.PC:0x00000052 SP:0x001FFF58 [0x0000FFFF] I:0x06 [0]
.PC:0x00000053 SP:0x001FFF5C [0x0000800B] I:0x52 [2]
.PC:0x00000054 SP:0x001FFF60 [0x00000926] I:0x04 [0]
.PC:0x00000926 SP:0x001FFF64 [0x0000800B] I:0x70 [0]
.PC:0x00000927 SP:0x001FFF60 [0x0000800B] I:0x83 [3]
.PC:0x00000928 SP:0x001FFF5C [0x00000003] I:0x2A [10]
.PC:0x00000140 SP:0x001FFF58 [0x00000929] I:0x72 [2]
.PC:0x00000141 SP:0x001FFF54 [0x0000800B] I:0x0A [0]
.PC:0x00000142 SP:0x001FFF54 [0xD0010000] I:0x72 [2]
.PC:0x00000143 SP:0x001FFF50 [0x00000003] I:0x2B [11]
.PC:0x00000160 SP:0x001FFF4C [0x00000144] I:0x72 [2]
.PC:0x00000161 SP:0x001FFF48 [0xD0010000] I:0x72 [2]
.PC:0x00000162 SP:0x001FFF44 [0x00000003] I:0x9F [31]
.PC:0x00000163 SP:0x001FFF40 [0x0000001F] I:0x06 [0]
.PC:0x00000164 SP:0x001FFF44 [0x00000003] I:0x09 [0]
.PC:0x00000165 SP:0x001FFF44 [0xFFFFFFFC] I:0x81 [1]
.PC:0x00000166 SP:0x001FFF40 [0x00000001] I:0x05 [0]
.PC:0x00000167 SP:0x001FFF44 [0xFFFFFFFD] I:0x0B [0]
.PC:0x00000168 SP:0x001FFF44 [0xFFFFFFFD] I:0x0B [0]
.PC:0x00000169 SP:0x001FFF44 [0xFFFFFFFD] I:0x0B [0]
.PC:0x0000016A SP:0x001FFF44 [0xFFFFFFFD] I:0x88 [8]
.PC:0x0000016B SP:0x001FFF40 [0x00000008] I:0xA7 [39]
.PC:0x0000016C SP:0x001FFF40 [0x00000427] I:0x05 [0]
.PC:0x0000016D SP:0x001FFF44 [0x00000424] I:0x04 [0]
.PC:0x00000424 SP:0x001FFF48 [0xD0010000] I:0x10 [0]
.PC:0x00000425 SP:0x001FFF48 [0xA0020000] I:0x10 [0]
.PC:0x00000426 SP:0x001FFF48 [0x40040000] I:0x10 [0]
.PC:0x00000427 SP:0x001FFF48 [0x80080000] I:0x53 [3]
.PC:0x00000428 SP:0x001FFF4C [0x00000144] I:0x51 [1]
.PC:0x00000429 SP:0x001FFF50 [0x00000144] I:0x04 [0]
.PC:0x00000144 SP:0x001FFF54 [0x80080000] I:0x0A [0]
.PC:0x00000145 SP:0x001FFF54 [0x00001001] I:0x53 [3]
.PC:0x00000146 SP:0x001FFF58 [0x00000929] I:0x51 [1]
.PC:0x00000147 SP:0x001FFF5C [0x00000929] I:0x04 [0]
.PC:0x00000929 SP:0x001FFF60 [0x00001001] I:0x81 [1]
.PC:0x0000092A SP:0x001FFF5C [0x00000001] I:0x32 [18]
.PC:0x00000240 SP:0x001FFF58 [0x0000092B] I:0x72 [2]
.PC:0x00000241 SP:0x001FFF54 [0x00001001] I:0x09 [0]
.PC:0x00000242 SP:0x001FFF54 [0xFFFFEFFE] I:0x72 [2]
.PC:0x00000243 SP:0x001FFF50 [0x00000001] I:0x06 [0]
.PC:0x00000244 SP:0x001FFF54 [0x00000000] I:0x73 [3]
.PC:0x00000245 SP:0x001FFF50 [0x00001001] I:0x73 [3]
.PC:0x00000246 SP:0x001FFF4C [0x00000001] I:0x09 [0]
.PC:0x00000247 SP:0x001FFF4C [0xFFFFFFFE] I:0x06 [0]
.PC:0x00000248 SP:0x001FFF50 [0x00001000] I:0x07 [0]
.PC:0x00000249 SP:0x001FFF54 [0x00001000] I:0x53 [3]
.PC:0x0000024A SP:0x001FFF58 [0x0000092B] I:0x51 [1]
.PC:0x0000024B SP:0x001FFF5C [0x0000092B] I:0x04 [0]
.PC:0x0000092B SP:0x001FFF60 [0x00001000] I:0x70 [0]
.PC:0x0000092C SP:0x001FFF5C [0x00001000] I:0x81 [1]
.PC:0x0000092D SP:0x001FFF58 [0x00000001] I:0x06 [0]
.PC:0x0000092E SP:0x001FFF5C [0x00000000] I:0x51 [1]
.PC:0x0000092F SP:0x001FFF60 [0x00000000] I:0x55 [5]
.PC:0x00000930 SP:0x001FFF64 [0x0000800B] I:0x58 [8]
.PC:0x00000931 SP:0x001FFF68 [0x00000427] I:0x73 [3]
.PC:0x00000932 SP:0x001FFF64 [0x00000000] I:0x86 [6]
.PC:0x00000933 SP:0x001FFF60 [0x00000006] I:0x38 [24]
.PC:0x00000300 SP:0x001FFF5C [0x00000934] I:0x72 [2]
.PC:0x00000301 SP:0x001FFF58 [0x00000000] I:0x09 [0]
.PC:0x00000302 SP:0x001FFF58 [0xFFFFFFFF] I:0x70 [0]
.PC:0x00000303 SP:0x001FFF54 [0xFFFFFFFF] I:0x81 [1]
.PC:0x00000304 SP:0x001FFF50 [0x00000001] I:0x05 [0]
.PC:0x00000305 SP:0x001FFF54 [0x00000000] I:0x09 [0]
.PC:0x00000306 SP:0x001FFF54 [0xFFFFFFFF] I:0x06 [0]
.PC:0x00000307 SP:0x001FFF58 [0xFFFFFFFF] I:0x0A [0]
.PC:0x00000308 SP:0x001FFF58 [0xFFFFFFFF] I:0x09 [0]
.PC:0x00000309 SP:0x001FFF58 [0x00000000] I:0x81 [1]
.PC:0x0000030A SP:0x001FFF54 [0x00000001] I:0x06 [0]
.PC:0x0000030B SP:0x001FFF58 [0x00000000] I:0xFF [127]
.PC:0x0000030C SP:0x001FFF54 [0xFFFFFFFF] I:0x05 [0]
.PC:0x0000030D SP:0x001FFF58 [0xFFFFFFFF] I:0x70 [0]
.PC:0x0000030E SP:0x001FFF54 [0xFFFFFFFF] I:0x54 [4]
.PC:0x0000030F SP:0x001FFF58 [0xFFFFFFFF] I:0x71 [1]
.PC:0x00000310 SP:0x001FFF54 [0x00000934] I:0x06 [0]
.PC:0x00000311 SP:0x001FFF58 [0x00000934] I:0x73 [3]
.PC:0x00000312 SP:0x001FFF54 [0xFFFFFFFF] I:0x09 [0]
.PC:0x00000313 SP:0x001FFF54 [0x00000000] I:0x72 [2]
.PC:0x00000314 SP:0x001FFF50 [0x00000934] I:0x74 [4]
.PC:0x00000315 SP:0x001FFF4C [0x00000006] I:0x05 [0]
.PC:0x00000316 SP:0x001FFF50 [0x0000093A] I:0xFF [127]
.PC:0x00000317 SP:0x001FFF4C [0xFFFFFFFF] I:0x05 [0]
.PC:0x00000318 SP:0x001FFF50 [0x00000939] I:0x06 [0]
.PC:0x00000319 SP:0x001FFF54 [0x00000000] I:0x07 [0]
.PC:0x0000031A SP:0x001FFF58 [0x00000934] I:0x51 [1]
.PC:0x0000031B SP:0x001FFF5C [0x00000934] I:0x51 [1]
.PC:0x0000031C SP:0x001FFF60 [0x00000934] I:0x51 [1]
.PC:0x0000031D SP:0x001FFF64 [0x00000934] I:0x04 [0]
.PC:0x00000934 SP:0x001FFF68 [0x00000427] I:0x90 [16]
.PC:0x00000935 SP:0x001FFF64 [0x00000010] I:0x1A [10]
.PC:0x00000936 SP:0x001FFF64 [0x00000010] I:0x08 [0]
.PC:0x00000937 SP:0x001FFF64 [0x0004CDC5] I:0x91 [17]
.PC:0x00000938 SP:0x001FFF60 [0x00000011] I:0x38 [24]
.PC:0x00000300 SP:0x001FFF5C [0x00000939] I:0x72 [2]
.PC:0x00000301 SP:0x001FFF58 [0x0004CDC5] I:0x09 [0]
.PC:0x00000302 SP:0x001FFF58 [0xFFFB323A] I:0x70 [0]
.PC:0x00000303 SP:0x001FFF54 [0xFFFB323A] I:0x81 [1]
.PC:0x00000304 SP:0x001FFF50 [0x00000001] I:0x05 [0]
.PC:0x00000305 SP:0x001FFF54 [0xFFFB323B] I:0x09 [0]
.PC:0x00000306 SP:0x001FFF54 [0x0004CDC4] I:0x06 [0]
.PC:0x00000307 SP:0x001FFF58 [0x00000000] I:0x0A [0]
.PC:0x00000308 SP:0x001FFF58 [0x00000000] I:0x09 [0]
.PC:0x00000309 SP:0x001FFF58 [0xFFFFFFFF] I:0x81 [1]
.PC:0x0000030A SP:0x001FFF54 [0x00000001] I:0x06 [0]
.PC:0x0000030B SP:0x001FFF58 [0x00000001] I:0xFF [127]
.PC:0x0000030C SP:0x001FFF54 [0xFFFFFFFF] I:0x05 [0]
.PC:0x0000030D SP:0x001FFF58 [0x00000000] I:0x70 [0]
.PC:0x0000030E SP:0x001FFF54 [0x00000000] I:0x54 [4]
.PC:0x0000030F SP:0x001FFF58 [0x00000000] I:0x71 [1]
.PC:0x00000310 SP:0x001FFF54 [0x00000939] I:0x06 [0]
.PC:0x00000311 SP:0x001FFF58 [0x00000000] I:0x73 [3]
.PC:0x00000312 SP:0x001FFF54 [0x00000000] I:0x09 [0]
.PC:0x00000313 SP:0x001FFF54 [0xFFFFFFFF] I:0x72 [2]
.PC:0x00000314 SP:0x001FFF50 [0x00000939] I:0x74 [4]
.PC:0x00000315 SP:0x001FFF4C [0x00000011] I:0x05 [0]
.PC:0x00000316 SP:0x001FFF50 [0x0000094A] I:0xFF [127]
.PC:0x00000317 SP:0x001FFF4C [0xFFFFFFFF] I:0x05 [0]
.PC:0x00000318 SP:0x001FFF50 [0x00000949] I:0x06 [0]
.PC:0x00000319 SP:0x001FFF54 [0x00000949] I:0x07 [0]
.PC:0x0000031A SP:0x001FFF58 [0x00000949] I:0x51 [1]
.PC:0x0000031B SP:0x001FFF5C [0x00000949] I:0x51 [1]
.PC:0x0000031C SP:0x001FFF60 [0x00000949] I:0x51 [1]
.PC:0x0000031D SP:0x001FFF64 [0x00000949] I:0x04 [0]
.PC:0x00000949 SP:0x001FFF68 [0x00000427] I:0x7D [13]
.PC:0x0000094A SP:0x001FFF64 [0x001FFFC4] I:0x08 [0]
.PC:0x0000094B SP:0x001FFF64 [0x001FFFB4] I:0x57 [7]
.PC:0x0000094C SP:0x001FFF68 [0x00000427] I:0x80 [0]
.PC:0x0000094D SP:0x001FFF64 [0x00000000] I:0x78 [8]
.PC:0x0000094E SP:0x001FFF60 [0x0000800B] I:0x83 [3]
.PC:0x0000094F SP:0x001FFF5C [0x00000003] I:0xFF [127]
.PC:0x00000950 SP:0x001FFF5C [0x000001FF] I:0xFF [127]
.PC:0x00000951 SP:0x001FFF5C [0x0000FFFF] I:0x06 [0]
.PC:0x00000952 SP:0x001FFF60 [0x0000800B] I:0x70 [0]
.PC:0x00000953 SP:0x001FFF5C [0x0000800B] I:0x81 [1]
.PC:0x00000954 SP:0x001FFF58 [0x00000001] I:0x2A [10]
.PC:0x00000140 SP:0x001FFF54 [0x00000955] I:0x72 [2]
.PC:0x00000141 SP:0x001FFF50 [0x0000800B] I:0x0A [0]
.PC:0x00000142 SP:0x001FFF50 [0xD0010000] I:0x72 [2]
.PC:0x00000143 SP:0x001FFF4C [0x00000001] I:0x2B [11]
.PC:0x00000160 SP:0x001FFF48 [0x00000144] I:0x72 [2]
.PC:0x00000161 SP:0x001FFF44 [0xD0010000] I:0x72 [2]
.PC:0x00000162 SP:0x001FFF40 [0x00000001] I:0x9F [31]
.PC:0x00000163 SP:0x001FFF3C [0x0000001F] I:0x06 [0]
.PC:0x00000164 SP:0x001FFF40 [0x00000001] I:0x09 [0]
.PC:0x00000165 SP:0x001FFF40 [0xFFFFFFFE] I:0x81 [1]
.PC:0x00000166 SP:0x001FFF3C [0x00000001] I:0x05 [0]
.PC:0x00000167 SP:0x001FFF40 [0xFFFFFFFF] I:0x0B [0]
.PC:0x00000168 SP:0x001FFF40 [0xFFFFFFFF] I:0x0B [0]
.PC:0x00000169 SP:0x001FFF40 [0xFFFFFFFF] I:0x0B [0]
.PC:0x0000016A SP:0x001FFF40 [0xFFFFFFFF] I:0x88 [8]
.PC:0x0000016B SP:0x001FFF3C [0x00000008] I:0xA7 [39]
.PC:0x0000016C SP:0x001FFF3C [0x00000427] I:0x05 [0]
.PC:0x0000016D SP:0x001FFF40 [0x00000426] I:0x04 [0]
.PC:0x00000426 SP:0x001FFF44 [0xD0010000] I:0x10 [0]
.PC:0x00000427 SP:0x001FFF44 [0xA0020000] I:0x53 [3]
.PC:0x00000428 SP:0x001FFF48 [0x00000144] I:0x51 [1]
.PC:0x00000429 SP:0x001FFF4C [0x00000144] I:0x04 [0]
.PC:0x00000144 SP:0x001FFF50 [0xA0020000] I:0x0A [0]
.PC:0x00000145 SP:0x001FFF50 [0x00004005] I:0x53 [3]
.PC:0x00000146 SP:0x001FFF54 [0x00000955] I:0x51 [1]
.PC:0x00000147 SP:0x001FFF58 [0x00000955] I:0x04 [0]
.PC:0x00000955 SP:0x001FFF5C [0x00004005] I:0x70 [0]
.PC:0x00000956 SP:0x001FFF58 [0x00004005] I:0x81 [1]
.PC:0x00000957 SP:0x001FFF54 [0x00000001] I:0x06 [0]
.PC:0x00000958 SP:0x001FFF58 [0x00000001] I:0x51 [1]
.PC:0x00000959 SP:0x001FFF5C [0x00000001] I:0x56 [6]
.PC:0x0000095A SP:0x001FFF60 [0x0000800B] I:0x57 [7]
.PC:0x0000095B SP:0x001FFF64 [0x00000000] I:0x55 [5]
.PC:0x0000095C SP:0x001FFF68 [0x00000427] I:0x73 [3]
.PC:0x0000095D SP:0x001FFF64 [0x00000001] I:0x75 [5]
.PC:0x0000095E SP:0x001FFF60 [0x00000000] I:0x2E [14]
.PC:0x000001C0 SP:0x001FFF5C [0x0000095F] I:0x72 [2]
.PC:0x000001C1 SP:0x001FFF58 [0x00000001] I:0x09 [0]
.PC:0x000001C2 SP:0x001FFF58 [0xFFFFFFFE] I:0x81 [1]
.PC:0x000001C3 SP:0x001FFF54 [0x00000001] I:0x05 [0]
.PC:0x000001C4 SP:0x001FFF58 [0xFFFFFFFF] I:0x72 [2]
.PC:0x000001C5 SP:0x001FFF54 [0x00000000] I:0x05 [0]
.PC:0x000001C6 SP:0x001FFF58 [0xFFFFFFFF] I:0x09 [0]
.PC:0x000001C7 SP:0x001FFF58 [0x00000000] I:0x70 [0]
.PC:0x000001C8 SP:0x001FFF54 [0x00000000] I:0x81 [1]
.PC:0x000001C9 SP:0x001FFF50 [0x00000001] I:0x05 [0]
.PC:0x000001CA SP:0x001FFF54 [0x00000001] I:0x09 [0]
.PC:0x000001CB SP:0x001FFF54 [0xFFFFFFFE] I:0x06 [0]
.PC:0x000001CC SP:0x001FFF58 [0x00000000] I:0x0A [0]
.PC:0x000001CD SP:0x001FFF58 [0x00000000] I:0x81 [1]
.PC:0x000001CE SP:0x001FFF54 [0x00000001] I:0x06 [0]
.PC:0x000001CF SP:0x001FFF58 [0x00000000] I:0x53 [3]
.PC:0x000001D0 SP:0x001FFF5C [0x0000095F] I:0x51 [1]
.PC:0x000001D1 SP:0x001FFF60 [0x0000095F] I:0x04 [0]
.PC:0x0000095F SP:0x001FFF64 [0x00000000] I:0x80 [0]
.PC:0x00000960 SP:0x001FFF60 [0x00000000] I:0xD7 [87]
.PC:0x00000961 SP:0x001FFF60 [0x00000057] I:0x38 [24]
.PC:0x00000300 SP:0x001FFF5C [0x00000962] I:0x72 [2]
.PC:0x00000301 SP:0x001FFF58 [0x00000000] I:0x09 [0]
.PC:0x00000302 SP:0x001FFF58 [0xFFFFFFFF] I:0x70 [0]
.PC:0x00000303 SP:0x001FFF54 [0xFFFFFFFF] I:0x81 [1]
.PC:0x00000304 SP:0x001FFF50 [0x00000001] I:0x05 [0]
.PC:0x00000305 SP:0x001FFF54 [0x00000000] I:0x09 [0]
.PC:0x00000306 SP:0x001FFF54 [0xFFFFFFFF] I:0x06 [0]
.PC:0x00000307 SP:0x001FFF58 [0xFFFFFFFF] I:0x0A [0]
.PC:0x00000308 SP:0x001FFF58 [0xFFFFFFFF] I:0x09 [0]
.PC:0x00000309 SP:0x001FFF58 [0x00000000] I:0x81 [1]
.PC:0x0000030A SP:0x001FFF54 [0x00000001] I:0x06 [0]
.PC:0x0000030B SP:0x001FFF58 [0x00000000] I:0xFF [127]
.PC:0x0000030C SP:0x001FFF54 [0xFFFFFFFF] I:0x05 [0]
.PC:0x0000030D SP:0x001FFF58 [0xFFFFFFFF] I:0x70 [0]
.PC:0x0000030E SP:0x001FFF54 [0xFFFFFFFF] I:0x54 [4]
.PC:0x0000030F SP:0x001FFF58 [0xFFFFFFFF] I:0x71 [1]
.PC:0x00000310 SP:0x001FFF54 [0x00000962] I:0x06 [0]
.PC:0x00000311 SP:0x001FFF58 [0x00000962] I:0x73 [3]
.PC:0x00000312 SP:0x001FFF54 [0xFFFFFFFF] I:0x09 [0]
.PC:0x00000313 SP:0x001FFF54 [0x00000000] I:0x72 [2]
.PC:0x00000314 SP:0x001FFF50 [0x00000962] I:0x74 [4]
.PC:0x00000315 SP:0x001FFF4C [0x00000057] I:0x05 [0]
.PC:0x00000316 SP:0x001FFF50 [0x000009B9] I:0xFF [127]
.PC:0x00000317 SP:0x001FFF4C [0xFFFFFFFF] I:0x05 [0]
.PC:0x00000318 SP:0x001FFF50 [0x000009B8] I:0x06 [0]
.PC:0x00000319 SP:0x001FFF54 [0x00000000] I:0x07 [0]
.PC:0x0000031A SP:0x001FFF58 [0x00000962] I:0x51 [1]
.PC:0x0000031B SP:0x001FFF5C [0x00000962] I:0x51 [1]
.PC:0x0000031C SP:0x001FFF60 [0x00000962] I:0x51 [1]
.PC:0x0000031D SP:0x001FFF64 [0x00000962] I:0x04 [0]
.PC:0x00000962 SP:0x001FFF68 [0x00000427] I:0x74 [4]
.PC:0x00000963 SP:0x001FFF64 [0x00000000] I:0x90 [16]
.PC:0x00000964 SP:0x001FFF60 [0x00000010] I:0x38 [24]
.PC:0x00000300 SP:0x001FFF5C [0x00000965] I:0x72 [2]
.PC:0x00000301 SP:0x001FFF58 [0x00000000] I:0x09 [0]
.PC:0x00000302 SP:0x001FFF58 [0xFFFFFFFF] I:0x70 [0]
.PC:0x00000303 SP:0x001FFF54 [0xFFFFFFFF] I:0x81 [1]
.PC:0x00000304 SP:0x001FFF50 [0x00000001] I:0x05 [0]
.PC:0x00000305 SP:0x001FFF54 [0x00000000] I:0x09 [0]
.PC:0x00000306 SP:0x001FFF54 [0xFFFFFFFF] I:0x06 [0]
.PC:0x00000307 SP:0x001FFF58 [0xFFFFFFFF] I:0x0A [0]
.PC:0x00000308 SP:0x001FFF58 [0xFFFFFFFF] I:0x09 [0]
.PC:0x00000309 SP:0x001FFF58 [0x00000000] I:0x81 [1]
.PC:0x0000030A SP:0x001FFF54 [0x00000001] I:0x06 [0]
.PC:0x0000030B SP:0x001FFF58 [0x00000000] I:0xFF [127]
.PC:0x0000030C SP:0x001FFF54 [0xFFFFFFFF] I:0x05 [0]
.PC:0x0000030D SP:0x001FFF58 [0xFFFFFFFF] I:0x70 [0]
.PC:0x0000030E SP:0x001FFF54 [0xFFFFFFFF] I:0x54 [4]
.PC:0x0000030F SP:0x001FFF58 [0xFFFFFFFF] I:0x71 [1]
.PC:0x00000310 SP:0x001FFF54 [0x00000965] I:0x06 [0]
.PC:0x00000311 SP:0x001FFF58 [0x00000965] I:0x73 [3]
.PC:0x00000312 SP:0x001FFF54 [0xFFFFFFFF] I:0x09 [0]
.PC:0x00000313 SP:0x001FFF54 [0x00000000] I:0x72 [2]
.PC:0x00000314 SP:0x001FFF50 [0x00000965] I:0x74 [4]
.PC:0x00000315 SP:0x001FFF4C [0x00000010] I:0x05 [0]
.PC:0x00000316 SP:0x001FFF50 [0x00000975] I:0xFF [127]
.PC:0x00000317 SP:0x001FFF4C [0xFFFFFFFF] I:0x05 [0]
.PC:0x00000318 SP:0x001FFF50 [0x00000974] I:0x06 [0]
.PC:0x00000319 SP:0x001FFF54 [0x00000000] I:0x07 [0]
.PC:0x0000031A SP:0x001FFF58 [0x00000965] I:0x51 [1]
.PC:0x0000031B SP:0x001FFF5C [0x00000965] I:0x51 [1]
.PC:0x0000031C SP:0x001FFF60 [0x00000965] I:0x51 [1]
.PC:0x0000031D SP:0x001FFF64 [0x00000965] I:0x04 [0]
.PC:0x00000965 SP:0x001FFF68 [0x00000427] I:0x76 [6]
.PC:0x00000966 SP:0x001FFF64 [0x001FFFB4] I:0x08 [0]
.PC:0x00000967 SP:0x001FFF64 [0x00002694] I:0x84 [4]
.PC:0x00000968 SP:0x001FFF60 [0x00000004] I:0x18 [8]
.PC:0x00000969 SP:0x001FFF60 [0x001FFFB8] I:0x08 [0]
.PC:0x0000096A SP:0x001FFF60 [0x0000000C] I:0x88 [8]
.PC:0x0000096B SP:0x001FFF5C [0x00000008] I:0x19 [9]
.PC:0x0000096C SP:0x001FFF5C [0x001FFFBC] I:0x59 [9]
.PC:0x0000096D SP:0x001FFF60 [0x0000000C] I:0x56 [6]
.PC:0x0000096E SP:0x001FFF64 [0x00002694] I:0x59 [9]
.PC:0x0000096F SP:0x001FFF68 [0x00000427] I:0x74 [4]
.PC:0x00000970 SP:0x001FFF64 [0x0000000C] I:0x80 [0]
.PC:0x00000971 SP:0x001FFF60 [0x00000000] I:0x2E [14]
.PC:0x000001C0 SP:0x001FFF5C [0x00000972] I:0x72 [2]
.PC:0x000001C1 SP:0x001FFF58 [0x0000000C] I:0x09 [0]
.PC:0x000001C2 SP:0x001FFF58 [0xFFFFFFF3] I:0x81 [1]
.PC:0x000001C3 SP:0x001FFF54 [0x00000001] I:0x05 [0]
.PC:0x000001C4 SP:0x001FFF58 [0xFFFFFFF4] I:0x72 [2]
.PC:0x000001C5 SP:0x001FFF54 [0x00000000] I:0x05 [0]
.PC:0x000001C6 SP:0x001FFF58 [0xFFFFFFF4] I:0x09 [0]
.PC:0x000001C7 SP:0x001FFF58 [0x0000000B] I:0x70 [0]
.PC:0x000001C8 SP:0x001FFF54 [0x0000000B] I:0x81 [1]
.PC:0x000001C9 SP:0x001FFF50 [0x00000001] I:0x05 [0]
.PC:0x000001CA SP:0x001FFF54 [0x0000000C] I:0x09 [0]
.PC:0x000001CB SP:0x001FFF54 [0xFFFFFFF3] I:0x06 [0]
.PC:0x000001CC SP:0x001FFF58 [0x00000003] I:0x0A [0]
.PC:0x000001CD SP:0x001FFF58 [0xC0000000] I:0x81 [1]
.PC:0x000001CE SP:0x001FFF54 [0x00000001] I:0x06 [0]
.PC:0x000001CF SP:0x001FFF58 [0x00000000] I:0x53 [3]
.PC:0x000001D0 SP:0x001FFF5C [0x00000972] I:0x51 [1]
.PC:0x000001D1 SP:0x001FFF60 [0x00000972] I:0x04 [0]
.PC:0x00000972 SP:0x001FFF64 [0x00000000] I:0xF2 [114]
.PC:0x00000973 SP:0x001FFF60 [0xFFFFFFF2] I:0x38 [24]
.PC:0x00000300 SP:0x001FFF5C [0x00000974] I:0x72 [2]
.PC:0x00000301 SP:0x001FFF58 [0x00000000] I:0x09 [0]
.PC:0x00000302 SP:0x001FFF58 [0xFFFFFFFF] I:0x70 [0]
.PC:0x00000303 SP:0x001FFF54 [0xFFFFFFFF] I:0x81 [1]
.PC:0x00000304 SP:0x001FFF50 [0x00000001] I:0x05 [0]
.PC:0x00000305 SP:0x001FFF54 [0x00000000] I:0x09 [0]
.PC:0x00000306 SP:0x001FFF54 [0xFFFFFFFF] I:0x06 [0]
.PC:0x00000307 SP:0x001FFF58 [0xFFFFFFFF] I:0x0A [0]
.PC:0x00000308 SP:0x001FFF58 [0xFFFFFFFF] I:0x09 [0]
.PC:0x00000309 SP:0x001FFF58 [0x00000000] I:0x81 [1]
.PC:0x0000030A SP:0x001FFF54 [0x00000001] I:0x06 [0]
.PC:0x0000030B SP:0x001FFF58 [0x00000000] I:0xFF [127]
.PC:0x0000030C SP:0x001FFF54 [0xFFFFFFFF] I:0x05 [0]
.PC:0x0000030D SP:0x001FFF58 [0xFFFFFFFF] I:0x70 [0]
.PC:0x0000030E SP:0x001FFF54 [0xFFFFFFFF] I:0x54 [4]
.PC:0x0000030F SP:0x001FFF58 [0xFFFFFFFF] I:0x71 [1]
.PC:0x00000310 SP:0x001FFF54 [0x00000974] I:0x06 [0]
.PC:0x00000311 SP:0x001FFF58 [0x00000974] I:0x73 [3]
.PC:0x00000312 SP:0x001FFF54 [0xFFFFFFFF] I:0x09 [0]
.PC:0x00000313 SP:0x001FFF54 [0x00000000] I:0x72 [2]
.PC:0x00000314 SP:0x001FFF50 [0x00000974] I:0x74 [4]
.PC:0x00000315 SP:0x001FFF4C [0xFFFFFFF2] I:0x05 [0]
.PC:0x00000316 SP:0x001FFF50 [0x00000966] I:0xFF [127]
.PC:0x00000317 SP:0x001FFF4C [0xFFFFFFFF] I:0x05 [0]
.PC:0x00000318 SP:0x001FFF50 [0x00000965] I:0x06 [0]
.PC:0x00000319 SP:0x001FFF54 [0x00000000] I:0x07 [0]
.PC:0x0000031A SP:0x001FFF58 [0x00000974] I:0x51 [1]
.PC:0x0000031B SP:0x001FFF5C [0x00000974] I:0x51 [1]
.PC:0x0000031C SP:0x001FFF60 [0x00000974] I:0x51 [1]
.PC:0x0000031D SP:0x001FFF64 [0x00000974] I:0x04 [0]
.PC:0x00000974 SP:0x001FFF68 [0x00000427] I:0x74 [4]
.PC:0x00000975 SP:0x001FFF64 [0x0000000C] I:0x54 [4]
.PC:0x00000976 SP:0x001FFF68 [0x00000427] I:0x88 [8]
.PC:0x00000977 SP:0x001FFF64 [0x00000008] I:0x80 [0]
.PC:0x00000978 SP:0x001FFF64 [0x00000400] I:0x75 [5]
.PC:0x00000979 SP:0x001FFF60 [0x0000000C] I:0x27 [7]
.PC:0x000000E0 SP:0x001FFF5C [0x0000097A] I:0x72 [2]
.PC:0x000000E1 SP:0x001FFF58 [0x00000400] I:0x72 [2]
.PC:0x000000E2 SP:0x001FFF54 [0x0000000C] I:0x26 [6]
.PC:0x000000C0 SP:0x001FFF50 [0x000000E3] I:0x71 [1]
.PC:0x000000C1 SP:0x001FFF4C [0x0000000C] I:0x73 [3]
.PC:0x000000C2 SP:0x001FFF48 [0x00000400] I:0x71 [1]
.PC:0x000000C3 SP:0x001FFF44 [0x0000000C] I:0x09 [0]
.PC:0x000000C4 SP:0x001FFF44 [0xFFFFFFF3] I:0x71 [1]
.PC:0x000000C5 SP:0x001FFF40 [0x00000400] I:0x06 [0]
.PC:0x000000C6 SP:0x001FFF44 [0x00000400] I:0x81 [1]
.PC:0x000000C7 SP:0x001FFF40 [0x00000001] I:0x06 [0]
.PC:0x000000C8 SP:0x001FFF44 [0x00000000] I:0x30 [16]
.PC:0x00000200 SP:0x001FFF40 [0x000000C9] I:0x71 [1]
.PC:0x00000201 SP:0x001FFF3C [0x00000000] I:0x09 [0]
.PC:0x00000202 SP:0x001FFF3C [0xFFFFFFFF] I:0x81 [1]
.PC:0x00000203 SP:0x001FFF38 [0x00000001] I:0x05 [0]
.PC:0x00000204 SP:0x001FFF3C [0x00000000] I:0x52 [2]
.PC:0x00000205 SP:0x001FFF40 [0x000000C9] I:0x04 [0]
.PC:0x000000C9 SP:0x001FFF44 [0x00000000] I:0x72 [2]
.PC:0x000000CA SP:0x001FFF40 [0x0000000C] I:0x0A [0]
.PC:0x000000CB SP:0x001FFF40 [0x30000000] I:0x10 [0]
.PC:0x000000CC SP:0x001FFF40 [0x60000000] I:0x0A [0]
.PC:0x000000CD SP:0x001FFF40 [0x00000006] I:0x72 [2]
.PC:0x000000CE SP:0x001FFF3C [0x00000400] I:0x0A [0]
.PC:0x000000CF SP:0x001FFF3C [0x00200000] I:0x10 [0]
.PC:0x000000D0 SP:0x001FFF3C [0x00400000] I:0x0A [0]
.PC:0x000000D1 SP:0x001FFF3C [0x00000200] I:0x31 [17]
.PC:0x00000220 SP:0x001FFF38 [0x000000D2] I:0x72 [2]
.PC:0x00000221 SP:0x001FFF34 [0x00000006] I:0x72 [2]
.PC:0x00000222 SP:0x001FFF30 [0x00000200] I:0x09 [0]
.PC:0x00000223 SP:0x001FFF30 [0xFFFFFDFF] I:0x81 [1]
.PC:0x00000224 SP:0x001FFF2C [0x00000001] I:0x05 [0]
.PC:0x00000225 SP:0x001FFF30 [0xFFFFFE00] I:0x05 [0]
.PC:0x00000226 SP:0x001FFF34 [0xFFFFFE06] I:0x53 [3]
.PC:0x00000227 SP:0x001FFF38 [0x000000D2] I:0x51 [1]
.PC:0x00000228 SP:0x001FFF3C [0x000000D2] I:0x04 [0]
.PC:0x000000D2 SP:0x001FFF40 [0xFFFFFE06] I:0x05 [0]
.PC:0x000000D3 SP:0x001FFF44 [0xFFFFFE06] I:0x0A [0]
.PC:0x000000D4 SP:0x001FFF44 [0x607FFFFF] I:0x81 [1]
.PC:0x000000D5 SP:0x001FFF40 [0x00000001] I:0x06 [0]
.PC:0x000000D6 SP:0x001FFF44 [0x00000001] I:0x51 [1]
.PC:0x000000D7 SP:0x001FFF48 [0x00000001] I:0x51 [1]
.PC:0x000000D8 SP:0x001FFF4C [0x00000001] I:0x53 [3]
.PC:0x000000D9 SP:0x001FFF50 [0x000000E3] I:0x51 [1]
.PC:0x000000DA SP:0x001FFF54 [0x000000E3] I:0x04 [0]
.PC:0x000000E3 SP:0x001FFF58 [0x00000001] I:0x73 [3]
.PC:0x000000E4 SP:0x001FFF54 [0x00000400] I:0x73 [3]
.PC:0x000000E5 SP:0x001FFF50 [0x0000000C] I:0x2E [14]
.PC:0x000001C0 SP:0x001FFF4C [0x000000E6] I:0x72 [2]
.PC:0x000001C1 SP:0x001FFF48 [0x00000400] I:0x09 [0]
.PC:0x000001C2 SP:0x001FFF48 [0xFFFFFBFF] I:0x81 [1]
.PC:0x000001C3 SP:0x001FFF44 [0x00000001] I:0x05 [0]
.PC:0x000001C4 SP:0x001FFF48 [0xFFFFFC00] I:0x72 [2]
.PC:0x000001C5 SP:0x001FFF44 [0x0000000C] I:0x05 [0]
.PC:0x000001C6 SP:0x001FFF48 [0xFFFFFC0C] I:0x09 [0]
.PC:0x000001C7 SP:0x001FFF48 [0x000003F3] I:0x70 [0]
.PC:0x000001C8 SP:0x001FFF44 [0x000003F3] I:0x81 [1]
.PC:0x000001C9 SP:0x001FFF40 [0x00000001] I:0x05 [0]
.PC:0x000001CA SP:0x001FFF44 [0x000003F4] I:0x09 [0]
.PC:0x000001CB SP:0x001FFF44 [0xFFFFFC0B] I:0x06 [0]
.PC:0x000001CC SP:0x001FFF48 [0x00000003] I:0x0A [0]
.PC:0x000001CD SP:0x001FFF48 [0xC0000000] I:0x81 [1]
.PC:0x000001CE SP:0x001FFF44 [0x00000001] I:0x06 [0]
.PC:0x000001CF SP:0x001FFF48 [0x00000000] I:0x53 [3]
.PC:0x000001D0 SP:0x001FFF4C [0x000000E6] I:0x51 [1]
.PC:0x000001D1 SP:0x001FFF50 [0x000000E6] I:0x04 [0]
.PC:0x000000E6 SP:0x001FFF54 [0x00000000] I:0x07 [0]
.PC:0x000000E7 SP:0x001FFF58 [0x00000001] I:0x53 [3]
.PC:0x000000E8 SP:0x001FFF5C [0x0000097A] I:0x51 [1]
.PC:0x000000E9 SP:0x001FFF60 [0x0000097A] I:0x04 [0]
.PC:0x0000097A SP:0x001FFF64 [0x00000001] I:0x84 [4]
.PC:0x0000097B SP:0x001FFF60 [0x00000004] I:0x38 [24]
.PC:0x00000300 SP:0x001FFF5C [0x0000097C] I:0x72 [2]
.PC:0x00000301 SP:0x001FFF58 [0x00000001] I:0x09 [0]
.PC:0x00000302 SP:0x001FFF58 [0xFFFFFFFE] I:0x70 [0]
.PC:0x00000303 SP:0x001FFF54 [0xFFFFFFFE] I:0x81 [1]
.PC:0x00000304 SP:0x001FFF50 [0x00000001] I:0x05 [0]
.PC:0x00000305 SP:0x001FFF54 [0xFFFFFFFF] I:0x09 [0]
.PC:0x00000306 SP:0x001FFF54 [0x00000000] I:0x06 [0]
.PC:0x00000307 SP:0x001FFF58 [0x00000000] I:0x0A [0]
.PC:0x00000308 SP:0x001FFF58 [0x00000000] I:0x09 [0]
.PC:0x00000309 SP:0x001FFF58 [0xFFFFFFFF] I:0x81 [1]
.PC:0x0000030A SP:0x001FFF54 [0x00000001] I:0x06 [0]
.PC:0x0000030B SP:0x001FFF58 [0x00000001] I:0xFF [127]
.PC:0x0000030C SP:0x001FFF54 [0xFFFFFFFF] I:0x05 [0]
.PC:0x0000030D SP:0x001FFF58 [0x00000000] I:0x70 [0]
.PC:0x0000030E SP:0x001FFF54 [0x00000000] I:0x54 [4]
.PC:0x0000030F SP:0x001FFF58 [0x00000000] I:0x71 [1]
.PC:0x00000310 SP:0x001FFF54 [0x0000097C] I:0x06 [0]
.PC:0x00000311 SP:0x001FFF58 [0x00000000] I:0x73 [3]
.PC:0x00000312 SP:0x001FFF54 [0x00000000] I:0x09 [0]
.PC:0x00000313 SP:0x001FFF54 [0xFFFFFFFF] I:0x72 [2]
.PC:0x00000314 SP:0x001FFF50 [0x0000097C] I:0x74 [4]
.PC:0x00000315 SP:0x001FFF4C [0x00000004] I:0x05 [0]
.PC:0x00000316 SP:0x001FFF50 [0x00000980] I:0xFF [127]
.PC:0x00000317 SP:0x001FFF4C [0xFFFFFFFF] I:0x05 [0]
.PC:0x00000318 SP:0x001FFF50 [0x0000097F] I:0x06 [0]
.PC:0x00000319 SP:0x001FFF54 [0x0000097F] I:0x07 [0]
.PC:0x0000031A SP:0x001FFF58 [0x0000097F] I:0x51 [1]
.PC:0x0000031B SP:0x001FFF5C [0x0000097F] I:0x51 [1]
.PC:0x0000031C SP:0x001FFF60 [0x0000097F] I:0x51 [1]
.PC:0x0000031D SP:0x001FFF64 [0x0000097F] I:0x04 [0]
.PC:0x0000097F SP:0x001FFF68 [0x00000427] I:0x73 [3]
.PC:0x00000980 SP:0x001FFF64 [0x0000000C] I:0x53 [3]
.PC:0x00000981 SP:0x001FFF68 [0x00000427] I:0x78 [8]
.PC:0x00000982 SP:0x001FFF64 [0x00002694] I:0x52 [2]
.PC:0x00000983 SP:0x001FFF68 [0x00000427] I:0x9C [28]
.PC:0x00000984 SP:0x001FFF64 [0x0000001C] I:0x1A [10]
.PC:0x00000985 SP:0x001FFF64 [0x0000001C] I:0x08 [0]
.PC:0x00000986 SP:0x001FFF64 [0x00000000] I:0x51 [1]
.PC:0x00000987 SP:0x001FFF68 [0x00000000] I:0xA4 [36]
.PC:0x00000988 SP:0x001FFF64 [0x00000024] I:0x1A [10]
.PC:0x00000989 SP:0x001FFF64 [0x00000024] I:0x08 [0]
.PC:0x0000098A SP:0x001FFF64 [0x00000490] I:0x54 [4]
.PC:0x0000098B SP:0x001FFF68 [0x00000000] I:0x73 [3]
.PC:0x0000098C SP:0x001FFF64 [0x00000490] I:0x2D [13]
.PC:0x000001A0 SP:0x001FFF60 [0x0000098D] I:0x71 [1]
.PC:0x000001A1 SP:0x001FFF5C [0x00000490] I:0x71 [1]
.PC:0x000001A2 SP:0x001FFF58 [0x0000098D] I:0x53 [3]
.PC:0x000001A3 SP:0x001FFF5C [0x00000490] I:0x51 [1]
.PC:0x000001A4 SP:0x001FFF60 [0x00000490] I:0x02 [0]
.PC:0x000001A5 SP:0x001FFF5C [0x001FFF60] I:0x0D [0]
.PC:0x000001A6 SP:0x001FFF60 [0x00000490] I:0x04 [0]
.PC:0x00000490 SP:0x001FFF64 [0x0000098D] I:0xB0 [48]
.PC:0x00000491 SP:0x001FFF60 [0x00000030] I:0x08 [0]
.PC:0x00000492 SP:0x001FFF60 [0x0000000C] I:0xB4 [52]
.PC:0x00000493 SP:0x001FFF5C [0x00000034] I:0x08 [0]
.PC:0x00000494 SP:0x001FFF5C [0x00000000] I:0xB8 [56]
.PC:0x00000495 SP:0x001FFF58 [0x00000038] I:0x08 [0]
.PC:0x00000496 SP:0x001FFF58 [0x00000000] I:0x80 [0]
.PC:0x00000497 SP:0x001FFF54 [0x00000000] I:0xC6 [70]
.PC:0x00000498 SP:0x001FFF54 [0x00000046] I:0x94 [20]
.PC:0x00000499 SP:0x001FFF54 [0x00002314] I:0x2D [13]
.PC:0x000001A0 SP:0x001FFF50 [0x0000049A] I:0x71 [1]
.PC:0x000001A1 SP:0x001FFF4C [0x00002314] I:0x71 [1]
.PC:0x000001A2 SP:0x001FFF48 [0x0000049A] I:0x53 [3]
.PC:0x000001A3 SP:0x001FFF4C [0x00002314] I:0x51 [1]
.PC:0x000001A4 SP:0x001FFF50 [0x00002314] I:0x02 [0]
.PC:0x000001A5 SP:0x001FFF4C [0x001FFF50] I:0x0D [0]
.PC:0x000001A6 SP:0x001FFF50 [0x00002314] I:0x04 [0]
.PC:0x00002314 SP:0x001FFF54 [0x0000049A] I:0x00 [0]
.End of main loop.
Releasing RAM... done.
Emulator halted.
